2025-09-15 11:13:50,962 [INFO] [31m[1mWARNING: This is a development server. Do not use it in a production deployment. Use a production WSGI server instead.[0m
 * Running on http://127.0.0.1:6000
2025-09-15 11:13:50,962 [INFO] [33mPress CTRL+C to quit[0m
2025-09-15 11:14:03,691 [INFO] data: {'locations': ['mumbai', 'chennai', 'kerala'], 'routes': [{'start': 'mumbai', 'end': 'chennai', 'distance': 1235.18}, {'start': 'mumbai', 'end': 'kerala', 'distance': 1352.48}, {'start': 'chennai', 'end': 'mumbai', 'distance': 1232.15}, {'start': 'chennai', 'end': 'kerala', 'distance': 649.04}, {'start': 'kerala', 'end': 'mumbai', 'distance': 1323.22}, {'start': 'kerala', 'end': 'chennai', 'distance': 644.23}], 'packages': [{'id': 0, 'pickup': 'mumbai', 'delivery': 'chennai', 'weight': 3, 'priority': 0}, {'id': 1, 'pickup': 'mumbai', 'delivery': 'kerala', 'weight': 3, 'priority': 0}], 'vehicles': [{'id': 0, 'capacity': 1000, 'location': 'mumbai', 'speed': 1.0, 'cost_per_km': 1.0}]}
2025-09-15 11:14:03,703 [INFO] Loading model from 'logistics_model_v3.weights.h5'...
2025-09-15 11:14:04,133 [INFO] Running optimization...
2025-09-15 11:14:14,682 [INFO] 
=========================
2025-09-15 11:14:14,683 [INFO]   OPTIMIZATION COMPLETE
2025-09-15 11:14:14,683 [INFO] =========================

2025-09-15 11:14:14,788 [INFO] -------------------------
2025-09-15 11:14:14,794 [INFO]   Delivery Rate:  0.0% (0/2)
2025-09-15 11:14:14,794 [INFO]   Total Time:     9990.00 units
2025-09-15 11:14:14,795 [INFO]   Total Distance: 0.00 km
2025-09-15 11:14:14,795 [INFO]   Total Cost:     $0.00
2025-09-15 11:14:14,795 [INFO]   Vehicles Used:  0
2025-09-15 11:14:14,796 [INFO] -------------------------

2025-09-15 11:14:14,804 [INFO] -------------------------
2025-09-15 11:14:14,804 [INFO]   [T=0.0   ] Vehicle 0 -> Waits for 10 units
2025-09-15 11:14:14,804 [INFO]   [T=0.0   ] Vehicle 0 -> Waits for 10 units
2025-09-15 11:14:14,805 [INFO]   [T=10.0  ] Vehicle 0 -> Waits for 10 units
2025-09-15 11:14:14,805 [INFO]   [T=20.0  ] Vehicle 0 -> Waits for 10 units
2025-09-15 11:14:14,805 [INFO]   [T=30.0  ] Vehicle 0 -> Waits for 10 units
2025-09-15 11:14:14,806 [INFO]   [T=40.0  ] Vehicle 0 -> Waits for 10 units
2025-09-15 11:14:14,806 [INFO]   [T=50.0  ] Vehicle 0 -> Waits for 10 units
2025-09-15 11:14:14,806 [INFO]   [T=60.0  ] Vehicle 0 -> Waits for 10 units
2025-09-15 11:14:14,807 [INFO]   [T=70.0  ] Vehicle 0 -> Waits for 10 units
2025-09-15 11:14:14,807 [INFO]   [T=80.0  ] Vehicle 0 -> Waits for 10 units
2025-09-15 11:14:14,807 [INFO]   [T=90.0  ] Vehicle 0 -> Waits for 10 units
2025-09-15 11:14:14,808 [INFO]   [T=100.0 ] Vehicle 0 -> Waits for 10 units
2025-09-15 11:14:14,808 [INFO]   [T=110.0 ] Vehicle 0 -> Waits for 10 units
2025-09-15 11:14:14,808 [INFO]   [T=120.0 ] Vehicle 0 -> Waits for 10 units
2025-09-15 11:14:14,809 [INFO]   [T=130.0 ] Vehicle 0 -> Waits for 10 units
2025-09-15 11:14:14,809 [INFO]   [T=140.0 ] Vehicle 0 -> Waits for 10 units
2025-09-15 11:14:14,809 [INFO]   [T=150.0 ] Vehicle 0 -> Waits for 10 units
2025-09-15 11:14:14,810 [INFO]   [T=160.0 ] Vehicle 0 -> Waits for 10 units
2025-09-15 11:14:14,810 [INFO]   [T=170.0 ] Vehicle 0 -> Waits for 10 units
2025-09-15 11:14:14,810 [INFO]   [T=180.0 ] Vehicle 0 -> Waits for 10 units
2025-09-15 11:14:14,811 [INFO]   [T=190.0 ] Vehicle 0 -> Waits for 10 units
2025-09-15 11:14:14,811 [INFO]   [T=200.0 ] Vehicle 0 -> Waits for 10 units
2025-09-15 11:14:14,811 [INFO]   [T=210.0 ] Vehicle 0 -> Waits for 10 units
2025-09-15 11:14:14,812 [INFO]   [T=220.0 ] Vehicle 0 -> Waits for 10 units
2025-09-15 11:14:14,812 [INFO]   [T=230.0 ] Vehicle 0 -> Waits for 10 units
2025-09-15 11:14:14,813 [INFO]   [T=240.0 ] Vehicle 0 -> Waits for 10 units
2025-09-15 11:14:14,813 [INFO]   [T=250.0 ] Vehicle 0 -> Waits for 10 units
2025-09-15 11:14:14,813 [INFO]   [T=260.0 ] Vehicle 0 -> Waits for 10 units
2025-09-15 11:14:14,814 [INFO]   [T=270.0 ] Vehicle 0 -> Waits for 10 units
2025-09-15 11:14:14,814 [INFO]   [T=280.0 ] Vehicle 0 -> Waits for 10 units
2025-09-15 11:14:14,815 [INFO]   [T=290.0 ] Vehicle 0 -> Waits for 10 units
2025-09-15 11:14:14,815 [INFO]   [T=300.0 ] Vehicle 0 -> Waits for 10 units
2025-09-15 11:14:14,815 [INFO]   [T=310.0 ] Vehicle 0 -> Waits for 10 units
2025-09-15 11:14:14,816 [INFO]   [T=320.0 ] Vehicle 0 -> Waits for 10 units
2025-09-15 11:14:14,816 [INFO]   [T=330.0 ] Vehicle 0 -> Waits for 10 units
2025-09-15 11:14:14,816 [INFO]   [T=340.0 ] Vehicle 0 -> Waits for 10 units
2025-09-15 11:14:14,817 [INFO]   [T=350.0 ] Vehicle 0 -> Waits for 10 units
2025-09-15 11:14:14,817 [INFO]   [T=360.0 ] Vehicle 0 -> Waits for 10 units
2025-09-15 11:14:14,817 [INFO]   [T=370.0 ] Vehicle 0 -> Waits for 10 units
2025-09-15 11:14:14,818 [INFO]   [T=380.0 ] Vehicle 0 -> Waits for 10 units
2025-09-15 11:14:14,818 [INFO]   [T=390.0 ] Vehicle 0 -> Waits for 10 units
2025-09-15 11:14:14,818 [INFO]   [T=400.0 ] Vehicle 0 -> Waits for 10 units
2025-09-15 11:14:14,819 [INFO]   [T=410.0 ] Vehicle 0 -> Waits for 10 units
2025-09-15 11:14:14,819 [INFO]   [T=420.0 ] Vehicle 0 -> Waits for 10 units
2025-09-15 11:14:14,820 [INFO]   [T=430.0 ] Vehicle 0 -> Waits for 10 units
2025-09-15 11:14:14,820 [INFO]   [T=440.0 ] Vehicle 0 -> Waits for 10 units
2025-09-15 11:14:14,820 [INFO]   [T=450.0 ] Vehicle 0 -> Waits for 10 units
2025-09-15 11:14:14,821 [INFO]   [T=460.0 ] Vehicle 0 -> Waits for 10 units
2025-09-15 11:14:14,821 [INFO]   [T=470.0 ] Vehicle 0 -> Waits for 10 units
2025-09-15 11:14:14,821 [INFO]   [T=480.0 ] Vehicle 0 -> Waits for 10 units
2025-09-15 11:14:14,822 [INFO]   [T=490.0 ] Vehicle 0 -> Waits for 10 units
2025-09-15 11:14:14,822 [INFO]   [T=500.0 ] Vehicle 0 -> Waits for 10 units
2025-09-15 11:14:14,822 [INFO]   [T=510.0 ] Vehicle 0 -> Waits for 10 units
2025-09-15 11:14:14,823 [INFO]   [T=520.0 ] Vehicle 0 -> Waits for 10 units
2025-09-15 11:14:14,823 [INFO]   [T=530.0 ] Vehicle 0 -> Waits for 10 units
2025-09-15 11:14:14,823 [INFO]   [T=540.0 ] Vehicle 0 -> Waits for 10 units
2025-09-15 11:14:14,824 [INFO]   [T=550.0 ] Vehicle 0 -> Waits for 10 units
2025-09-15 11:14:14,824 [INFO]   [T=560.0 ] Vehicle 0 -> Waits for 10 units
2025-09-15 11:14:14,824 [INFO]   [T=570.0 ] Vehicle 0 -> Waits for 10 units
2025-09-15 11:14:14,825 [INFO]   [T=580.0 ] Vehicle 0 -> Waits for 10 units
2025-09-15 11:14:14,825 [INFO]   [T=590.0 ] Vehicle 0 -> Waits for 10 units
2025-09-15 11:14:14,825 [INFO]   [T=600.0 ] Vehicle 0 -> Waits for 10 units
2025-09-15 11:14:14,826 [INFO]   [T=610.0 ] Vehicle 0 -> Waits for 10 units
2025-09-15 11:14:14,826 [INFO]   [T=620.0 ] Vehicle 0 -> Waits for 10 units
2025-09-15 11:14:14,827 [INFO]   [T=630.0 ] Vehicle 0 -> Waits for 10 units
2025-09-15 11:14:14,827 [INFO]   [T=640.0 ] Vehicle 0 -> Waits for 10 units
2025-09-15 11:14:14,827 [INFO]   [T=650.0 ] Vehicle 0 -> Waits for 10 units
2025-09-15 11:14:14,828 [INFO]   [T=660.0 ] Vehicle 0 -> Waits for 10 units
2025-09-15 11:14:14,828 [INFO]   [T=670.0 ] Vehicle 0 -> Waits for 10 units
2025-09-15 11:14:14,828 [INFO]   [T=680.0 ] Vehicle 0 -> Waits for 10 units
2025-09-15 11:14:14,829 [INFO]   [T=690.0 ] Vehicle 0 -> Waits for 10 units
2025-09-15 11:14:14,829 [INFO]   [T=700.0 ] Vehicle 0 -> Waits for 10 units
2025-09-15 11:14:14,829 [INFO]   [T=710.0 ] Vehicle 0 -> Waits for 10 units
2025-09-15 11:14:14,830 [INFO]   [T=720.0 ] Vehicle 0 -> Waits for 10 units
2025-09-15 11:14:14,830 [INFO]   [T=730.0 ] Vehicle 0 -> Waits for 10 units
2025-09-15 11:14:14,831 [INFO]   [T=740.0 ] Vehicle 0 -> Waits for 10 units
2025-09-15 11:14:14,831 [INFO]   [T=750.0 ] Vehicle 0 -> Waits for 10 units
2025-09-15 11:14:14,831 [INFO]   [T=760.0 ] Vehicle 0 -> Waits for 10 units
2025-09-15 11:14:14,832 [INFO]   [T=770.0 ] Vehicle 0 -> Waits for 10 units
2025-09-15 11:14:14,832 [INFO]   [T=780.0 ] Vehicle 0 -> Waits for 10 units
2025-09-15 11:14:14,832 [INFO]   [T=790.0 ] Vehicle 0 -> Waits for 10 units
2025-09-15 11:14:14,832 [INFO]   [T=800.0 ] Vehicle 0 -> Waits for 10 units
2025-09-15 11:14:14,833 [INFO]   [T=810.0 ] Vehicle 0 -> Waits for 10 units
2025-09-15 11:14:14,833 [INFO]   [T=820.0 ] Vehicle 0 -> Waits for 10 units
2025-09-15 11:14:14,833 [INFO]   [T=830.0 ] Vehicle 0 -> Waits for 10 units
2025-09-15 11:14:14,834 [INFO]   [T=840.0 ] Vehicle 0 -> Waits for 10 units
2025-09-15 11:14:14,834 [INFO]   [T=850.0 ] Vehicle 0 -> Waits for 10 units
2025-09-15 11:14:14,834 [INFO]   [T=860.0 ] Vehicle 0 -> Waits for 10 units
2025-09-15 11:14:14,835 [INFO]   [T=870.0 ] Vehicle 0 -> Waits for 10 units
2025-09-15 11:14:14,835 [INFO]   [T=880.0 ] Vehicle 0 -> Waits for 10 units
2025-09-15 11:14:14,836 [INFO]   [T=890.0 ] Vehicle 0 -> Waits for 10 units
2025-09-15 11:14:14,836 [INFO]   [T=900.0 ] Vehicle 0 -> Waits for 10 units
2025-09-15 11:14:14,836 [INFO]   [T=910.0 ] Vehicle 0 -> Waits for 10 units
2025-09-15 11:14:14,837 [INFO]   [T=920.0 ] Vehicle 0 -> Waits for 10 units
2025-09-15 11:14:14,837 [INFO]   [T=930.0 ] Vehicle 0 -> Waits for 10 units
2025-09-15 11:14:14,837 [INFO]   [T=940.0 ] Vehicle 0 -> Waits for 10 units
2025-09-15 11:14:14,838 [INFO]   [T=950.0 ] Vehicle 0 -> Waits for 10 units
2025-09-15 11:14:14,838 [INFO]   [T=960.0 ] Vehicle 0 -> Waits for 10 units
2025-09-15 11:14:14,838 [INFO]   [T=970.0 ] Vehicle 0 -> Waits for 10 units
2025-09-15 11:14:14,839 [INFO]   [T=980.0 ] Vehicle 0 -> Waits for 10 units
2025-09-15 11:14:14,839 [INFO]   [T=990.0 ] Vehicle 0 -> Waits for 10 units
2025-09-15 11:14:14,839 [INFO]   [T=1000.0] Vehicle 0 -> Waits for 10 units
2025-09-15 11:14:14,840 [INFO]   [T=1010.0] Vehicle 0 -> Waits for 10 units
2025-09-15 11:14:14,840 [INFO]   [T=1020.0] Vehicle 0 -> Waits for 10 units
2025-09-15 11:14:14,840 [INFO]   [T=1030.0] Vehicle 0 -> Waits for 10 units
2025-09-15 11:14:14,841 [INFO]   [T=1040.0] Vehicle 0 -> Waits for 10 units
2025-09-15 11:14:14,841 [INFO]   [T=1050.0] Vehicle 0 -> Waits for 10 units
2025-09-15 11:14:14,841 [INFO]   [T=1060.0] Vehicle 0 -> Waits for 10 units
2025-09-15 11:14:14,842 [INFO]   [T=1070.0] Vehicle 0 -> Waits for 10 units
2025-09-15 11:14:14,842 [INFO]   [T=1080.0] Vehicle 0 -> Waits for 10 units
2025-09-15 11:14:14,842 [INFO]   [T=1090.0] Vehicle 0 -> Waits for 10 units
2025-09-15 11:14:14,843 [INFO]   [T=1100.0] Vehicle 0 -> Waits for 10 units
2025-09-15 11:14:14,843 [INFO]   [T=1110.0] Vehicle 0 -> Waits for 10 units
2025-09-15 11:14:14,843 [INFO]   [T=1120.0] Vehicle 0 -> Waits for 10 units
2025-09-15 11:14:14,844 [INFO]   [T=1130.0] Vehicle 0 -> Waits for 10 units
2025-09-15 11:14:14,844 [INFO]   [T=1140.0] Vehicle 0 -> Waits for 10 units
2025-09-15 11:14:14,845 [INFO]   [T=1150.0] Vehicle 0 -> Waits for 10 units
2025-09-15 11:14:14,845 [INFO]   [T=1160.0] Vehicle 0 -> Waits for 10 units
2025-09-15 11:14:14,845 [INFO]   [T=1170.0] Vehicle 0 -> Waits for 10 units
2025-09-15 11:14:14,846 [INFO]   [T=1180.0] Vehicle 0 -> Waits for 10 units
2025-09-15 11:14:14,846 [INFO]   [T=1190.0] Vehicle 0 -> Waits for 10 units
2025-09-15 11:14:14,846 [INFO]   [T=1200.0] Vehicle 0 -> Waits for 10 units
2025-09-15 11:14:14,847 [INFO]   [T=1210.0] Vehicle 0 -> Waits for 10 units
2025-09-15 11:14:14,847 [INFO]   [T=1220.0] Vehicle 0 -> Waits for 10 units
2025-09-15 11:14:14,847 [INFO]   [T=1230.0] Vehicle 0 -> Waits for 10 units
2025-09-15 11:14:14,848 [INFO]   [T=1240.0] Vehicle 0 -> Waits for 10 units
2025-09-15 11:14:14,848 [INFO]   [T=1250.0] Vehicle 0 -> Waits for 10 units
2025-09-15 11:14:14,849 [INFO]   [T=1260.0] Vehicle 0 -> Waits for 10 units
2025-09-15 11:14:14,849 [INFO]   [T=1270.0] Vehicle 0 -> Waits for 10 units
2025-09-15 11:14:14,849 [INFO]   [T=1280.0] Vehicle 0 -> Waits for 10 units
2025-09-15 11:14:14,850 [INFO]   [T=1290.0] Vehicle 0 -> Waits for 10 units
2025-09-15 11:14:14,850 [INFO]   [T=1300.0] Vehicle 0 -> Waits for 10 units
2025-09-15 11:14:14,850 [INFO]   [T=1310.0] Vehicle 0 -> Waits for 10 units
2025-09-15 11:14:14,851 [INFO]   [T=1320.0] Vehicle 0 -> Waits for 10 units
2025-09-15 11:14:14,851 [INFO]   [T=1330.0] Vehicle 0 -> Waits for 10 units
2025-09-15 11:14:14,851 [INFO]   [T=1340.0] Vehicle 0 -> Waits for 10 units
2025-09-15 11:14:14,852 [INFO]   [T=1350.0] Vehicle 0 -> Waits for 10 units
2025-09-15 11:14:14,852 [INFO]   [T=1360.0] Vehicle 0 -> Waits for 10 units
2025-09-15 11:14:14,853 [INFO]   [T=1370.0] Vehicle 0 -> Waits for 10 units
2025-09-15 11:14:14,853 [INFO]   [T=1380.0] Vehicle 0 -> Waits for 10 units
2025-09-15 11:14:14,853 [INFO]   [T=1390.0] Vehicle 0 -> Waits for 10 units
2025-09-15 11:14:14,854 [INFO]   [T=1400.0] Vehicle 0 -> Waits for 10 units
2025-09-15 11:14:14,854 [INFO]   [T=1410.0] Vehicle 0 -> Waits for 10 units
2025-09-15 11:14:14,854 [INFO]   [T=1420.0] Vehicle 0 -> Waits for 10 units
2025-09-15 11:14:14,855 [INFO]   [T=1430.0] Vehicle 0 -> Waits for 10 units
2025-09-15 11:14:14,855 [INFO]   [T=1440.0] Vehicle 0 -> Waits for 10 units
2025-09-15 11:14:14,855 [INFO]   [T=1450.0] Vehicle 0 -> Waits for 10 units
2025-09-15 11:14:14,856 [INFO]   [T=1460.0] Vehicle 0 -> Waits for 10 units
2025-09-15 11:14:14,856 [INFO]   [T=1470.0] Vehicle 0 -> Waits for 10 units
2025-09-15 11:14:14,856 [INFO]   [T=1480.0] Vehicle 0 -> Waits for 10 units
2025-09-15 11:14:14,857 [INFO]   [T=1490.0] Vehicle 0 -> Waits for 10 units
2025-09-15 11:14:14,857 [INFO]   [T=1500.0] Vehicle 0 -> Waits for 10 units
2025-09-15 11:14:14,857 [INFO]   [T=1510.0] Vehicle 0 -> Waits for 10 units
2025-09-15 11:14:14,858 [INFO]   [T=1520.0] Vehicle 0 -> Waits for 10 units
2025-09-15 11:14:14,858 [INFO]   [T=1530.0] Vehicle 0 -> Waits for 10 units
2025-09-15 11:14:14,858 [INFO]   [T=1540.0] Vehicle 0 -> Waits for 10 units
2025-09-15 11:14:14,859 [INFO]   [T=1550.0] Vehicle 0 -> Waits for 10 units
2025-09-15 11:14:14,859 [INFO]   [T=1560.0] Vehicle 0 -> Waits for 10 units
2025-09-15 11:14:14,860 [INFO]   [T=1570.0] Vehicle 0 -> Waits for 10 units
2025-09-15 11:14:14,860 [INFO]   [T=1580.0] Vehicle 0 -> Waits for 10 units
2025-09-15 11:14:14,860 [INFO]   [T=1590.0] Vehicle 0 -> Waits for 10 units
2025-09-15 11:14:14,861 [INFO]   [T=1600.0] Vehicle 0 -> Waits for 10 units
2025-09-15 11:14:14,861 [INFO]   [T=1610.0] Vehicle 0 -> Waits for 10 units
2025-09-15 11:14:14,861 [INFO]   [T=1620.0] Vehicle 0 -> Waits for 10 units
2025-09-15 11:14:14,862 [INFO]   [T=1630.0] Vehicle 0 -> Waits for 10 units
2025-09-15 11:14:14,862 [INFO]   [T=1640.0] Vehicle 0 -> Waits for 10 units
2025-09-15 11:14:14,862 [INFO]   [T=1650.0] Vehicle 0 -> Waits for 10 units
2025-09-15 11:14:14,863 [INFO]   [T=1660.0] Vehicle 0 -> Waits for 10 units
2025-09-15 11:14:14,863 [INFO]   [T=1670.0] Vehicle 0 -> Waits for 10 units
2025-09-15 11:14:14,864 [INFO]   [T=1680.0] Vehicle 0 -> Waits for 10 units
2025-09-15 11:14:14,864 [INFO]   [T=1690.0] Vehicle 0 -> Waits for 10 units
2025-09-15 11:14:14,864 [INFO]   [T=1700.0] Vehicle 0 -> Waits for 10 units
2025-09-15 11:14:14,865 [INFO]   [T=1710.0] Vehicle 0 -> Waits for 10 units
2025-09-15 11:14:14,865 [INFO]   [T=1720.0] Vehicle 0 -> Waits for 10 units
2025-09-15 11:14:14,866 [INFO]   [T=1730.0] Vehicle 0 -> Waits for 10 units
2025-09-15 11:14:14,866 [INFO]   [T=1740.0] Vehicle 0 -> Waits for 10 units
2025-09-15 11:14:14,866 [INFO]   [T=1750.0] Vehicle 0 -> Waits for 10 units
2025-09-15 11:14:14,867 [INFO]   [T=1760.0] Vehicle 0 -> Waits for 10 units
2025-09-15 11:14:14,867 [INFO]   [T=1770.0] Vehicle 0 -> Waits for 10 units
2025-09-15 11:14:14,867 [INFO]   [T=1780.0] Vehicle 0 -> Waits for 10 units
2025-09-15 11:14:14,868 [INFO]   [T=1790.0] Vehicle 0 -> Waits for 10 units
2025-09-15 11:14:14,868 [INFO]   [T=1800.0] Vehicle 0 -> Waits for 10 units
2025-09-15 11:14:14,869 [INFO]   [T=1810.0] Vehicle 0 -> Waits for 10 units
2025-09-15 11:14:14,869 [INFO]   [T=1820.0] Vehicle 0 -> Waits for 10 units
2025-09-15 11:14:14,869 [INFO]   [T=1830.0] Vehicle 0 -> Waits for 10 units
2025-09-15 11:14:14,870 [INFO]   [T=1840.0] Vehicle 0 -> Waits for 10 units
2025-09-15 11:14:14,870 [INFO]   [T=1850.0] Vehicle 0 -> Waits for 10 units
2025-09-15 11:14:14,870 [INFO]   [T=1860.0] Vehicle 0 -> Waits for 10 units
2025-09-15 11:14:14,871 [INFO]   [T=1870.0] Vehicle 0 -> Waits for 10 units
2025-09-15 11:14:14,871 [INFO]   [T=1880.0] Vehicle 0 -> Waits for 10 units
2025-09-15 11:14:14,872 [INFO]   [T=1890.0] Vehicle 0 -> Waits for 10 units
2025-09-15 11:14:14,872 [INFO]   [T=1900.0] Vehicle 0 -> Waits for 10 units
2025-09-15 11:14:14,872 [INFO]   [T=1910.0] Vehicle 0 -> Waits for 10 units
2025-09-15 11:14:14,873 [INFO]   [T=1920.0] Vehicle 0 -> Waits for 10 units
2025-09-15 11:14:14,873 [INFO]   [T=1930.0] Vehicle 0 -> Waits for 10 units
2025-09-15 11:14:14,873 [INFO]   [T=1940.0] Vehicle 0 -> Waits for 10 units
2025-09-15 11:14:14,874 [INFO]   [T=1950.0] Vehicle 0 -> Waits for 10 units
2025-09-15 11:14:14,874 [INFO]   [T=1960.0] Vehicle 0 -> Waits for 10 units
2025-09-15 11:14:14,874 [INFO]   [T=1970.0] Vehicle 0 -> Waits for 10 units
2025-09-15 11:14:14,875 [INFO]   [T=1980.0] Vehicle 0 -> Waits for 10 units
2025-09-15 11:14:14,875 [INFO]   [T=1990.0] Vehicle 0 -> Waits for 10 units
2025-09-15 11:14:14,875 [INFO]   [T=2000.0] Vehicle 0 -> Waits for 10 units
2025-09-15 11:14:14,876 [INFO]   [T=2010.0] Vehicle 0 -> Waits for 10 units
2025-09-15 11:14:14,876 [INFO]   [T=2020.0] Vehicle 0 -> Waits for 10 units
2025-09-15 11:14:14,876 [INFO]   [T=2030.0] Vehicle 0 -> Waits for 10 units
2025-09-15 11:14:14,877 [INFO]   [T=2040.0] Vehicle 0 -> Waits for 10 units
2025-09-15 11:14:14,877 [INFO]   [T=2050.0] Vehicle 0 -> Waits for 10 units
2025-09-15 11:14:14,877 [INFO]   [T=2060.0] Vehicle 0 -> Waits for 10 units
2025-09-15 11:14:14,878 [INFO]   [T=2070.0] Vehicle 0 -> Waits for 10 units
2025-09-15 11:14:14,878 [INFO]   [T=2080.0] Vehicle 0 -> Waits for 10 units
2025-09-15 11:14:14,878 [INFO]   [T=2090.0] Vehicle 0 -> Waits for 10 units
2025-09-15 11:14:14,879 [INFO]   [T=2100.0] Vehicle 0 -> Waits for 10 units
2025-09-15 11:14:14,879 [INFO]   [T=2110.0] Vehicle 0 -> Waits for 10 units
2025-09-15 11:14:14,880 [INFO]   [T=2120.0] Vehicle 0 -> Waits for 10 units
2025-09-15 11:14:14,880 [INFO]   [T=2130.0] Vehicle 0 -> Waits for 10 units
2025-09-15 11:14:14,880 [INFO]   [T=2140.0] Vehicle 0 -> Waits for 10 units
2025-09-15 11:14:14,881 [INFO]   [T=2150.0] Vehicle 0 -> Waits for 10 units
2025-09-15 11:14:14,881 [INFO]   [T=2160.0] Vehicle 0 -> Waits for 10 units
2025-09-15 11:14:14,881 [INFO]   [T=2170.0] Vehicle 0 -> Waits for 10 units
2025-09-15 11:14:14,882 [INFO]   [T=2180.0] Vehicle 0 -> Waits for 10 units
2025-09-15 11:14:14,882 [INFO]   [T=2190.0] Vehicle 0 -> Waits for 10 units
2025-09-15 11:14:14,882 [INFO]   [T=2200.0] Vehicle 0 -> Waits for 10 units
2025-09-15 11:14:14,883 [INFO]   [T=2210.0] Vehicle 0 -> Waits for 10 units
2025-09-15 11:14:14,883 [INFO]   [T=2220.0] Vehicle 0 -> Waits for 10 units
2025-09-15 11:14:14,883 [INFO]   [T=2230.0] Vehicle 0 -> Waits for 10 units
2025-09-15 11:14:14,884 [INFO]   [T=2240.0] Vehicle 0 -> Waits for 10 units
2025-09-15 11:14:14,884 [INFO]   [T=2250.0] Vehicle 0 -> Waits for 10 units
2025-09-15 11:14:14,884 [INFO]   [T=2260.0] Vehicle 0 -> Waits for 10 units
2025-09-15 11:14:14,885 [INFO]   [T=2270.0] Vehicle 0 -> Waits for 10 units
2025-09-15 11:14:14,885 [INFO]   [T=2280.0] Vehicle 0 -> Waits for 10 units
2025-09-15 11:14:14,886 [INFO]   [T=2290.0] Vehicle 0 -> Waits for 10 units
2025-09-15 11:14:14,886 [INFO]   [T=2300.0] Vehicle 0 -> Waits for 10 units
2025-09-15 11:14:14,886 [INFO]   [T=2310.0] Vehicle 0 -> Waits for 10 units
2025-09-15 11:14:14,887 [INFO]   [T=2320.0] Vehicle 0 -> Waits for 10 units
2025-09-15 11:14:14,887 [INFO]   [T=2330.0] Vehicle 0 -> Waits for 10 units
2025-09-15 11:14:14,887 [INFO]   [T=2340.0] Vehicle 0 -> Waits for 10 units
2025-09-15 11:14:14,888 [INFO]   [T=2350.0] Vehicle 0 -> Waits for 10 units
2025-09-15 11:14:14,888 [INFO]   [T=2360.0] Vehicle 0 -> Waits for 10 units
2025-09-15 11:14:14,888 [INFO]   [T=2370.0] Vehicle 0 -> Waits for 10 units
2025-09-15 11:14:14,889 [INFO]   [T=2380.0] Vehicle 0 -> Waits for 10 units
2025-09-15 11:14:14,889 [INFO]   [T=2390.0] Vehicle 0 -> Waits for 10 units
2025-09-15 11:14:14,890 [INFO]   [T=2400.0] Vehicle 0 -> Waits for 10 units
2025-09-15 11:14:14,890 [INFO]   [T=2410.0] Vehicle 0 -> Waits for 10 units
2025-09-15 11:14:14,890 [INFO]   [T=2420.0] Vehicle 0 -> Waits for 10 units
2025-09-15 11:14:14,891 [INFO]   [T=2430.0] Vehicle 0 -> Waits for 10 units
2025-09-15 11:14:14,891 [INFO]   [T=2440.0] Vehicle 0 -> Waits for 10 units
2025-09-15 11:14:14,891 [INFO]   [T=2450.0] Vehicle 0 -> Waits for 10 units
2025-09-15 11:14:14,892 [INFO]   [T=2460.0] Vehicle 0 -> Waits for 10 units
2025-09-15 11:14:14,892 [INFO]   [T=2470.0] Vehicle 0 -> Waits for 10 units
2025-09-15 11:14:14,892 [INFO]   [T=2480.0] Vehicle 0 -> Waits for 10 units
2025-09-15 11:14:14,893 [INFO]   [T=2490.0] Vehicle 0 -> Waits for 10 units
2025-09-15 11:14:14,893 [INFO]   [T=2500.0] Vehicle 0 -> Waits for 10 units
2025-09-15 11:14:14,893 [INFO]   [T=2510.0] Vehicle 0 -> Waits for 10 units
2025-09-15 11:14:14,894 [INFO]   [T=2520.0] Vehicle 0 -> Waits for 10 units
2025-09-15 11:14:14,894 [INFO]   [T=2530.0] Vehicle 0 -> Waits for 10 units
2025-09-15 11:14:14,894 [INFO]   [T=2540.0] Vehicle 0 -> Waits for 10 units
2025-09-15 11:14:14,895 [INFO]   [T=2550.0] Vehicle 0 -> Waits for 10 units
2025-09-15 11:14:14,895 [INFO]   [T=2560.0] Vehicle 0 -> Waits for 10 units
2025-09-15 11:14:14,896 [INFO]   [T=2570.0] Vehicle 0 -> Waits for 10 units
2025-09-15 11:14:14,896 [INFO]   [T=2580.0] Vehicle 0 -> Waits for 10 units
2025-09-15 11:14:14,896 [INFO]   [T=2590.0] Vehicle 0 -> Waits for 10 units
2025-09-15 11:14:14,897 [INFO]   [T=2600.0] Vehicle 0 -> Waits for 10 units
2025-09-15 11:14:14,897 [INFO]   [T=2610.0] Vehicle 0 -> Waits for 10 units
2025-09-15 11:14:14,897 [INFO]   [T=2620.0] Vehicle 0 -> Waits for 10 units
2025-09-15 11:14:14,898 [INFO]   [T=2630.0] Vehicle 0 -> Waits for 10 units
2025-09-15 11:14:14,898 [INFO]   [T=2640.0] Vehicle 0 -> Waits for 10 units
2025-09-15 11:14:14,898 [INFO]   [T=2650.0] Vehicle 0 -> Waits for 10 units
2025-09-15 11:14:14,899 [INFO]   [T=2660.0] Vehicle 0 -> Waits for 10 units
2025-09-15 11:14:14,899 [INFO]   [T=2670.0] Vehicle 0 -> Waits for 10 units
2025-09-15 11:14:14,900 [INFO]   [T=2680.0] Vehicle 0 -> Waits for 10 units
2025-09-15 11:14:14,900 [INFO]   [T=2690.0] Vehicle 0 -> Waits for 10 units
2025-09-15 11:14:14,900 [INFO]   [T=2700.0] Vehicle 0 -> Waits for 10 units
2025-09-15 11:14:14,901 [INFO]   [T=2710.0] Vehicle 0 -> Waits for 10 units
2025-09-15 11:14:14,901 [INFO]   [T=2720.0] Vehicle 0 -> Waits for 10 units
2025-09-15 11:14:14,901 [INFO]   [T=2730.0] Vehicle 0 -> Waits for 10 units
2025-09-15 11:14:14,902 [INFO]   [T=2740.0] Vehicle 0 -> Waits for 10 units
2025-09-15 11:14:14,902 [INFO]   [T=2750.0] Vehicle 0 -> Waits for 10 units
2025-09-15 11:14:14,902 [INFO]   [T=2760.0] Vehicle 0 -> Waits for 10 units
2025-09-15 11:14:14,903 [INFO]   [T=2770.0] Vehicle 0 -> Waits for 10 units
2025-09-15 11:14:14,903 [INFO]   [T=2780.0] Vehicle 0 -> Waits for 10 units
2025-09-15 11:14:14,903 [INFO]   [T=2790.0] Vehicle 0 -> Waits for 10 units
2025-09-15 11:14:14,904 [INFO]   [T=2800.0] Vehicle 0 -> Waits for 10 units
2025-09-15 11:14:14,904 [INFO]   [T=2810.0] Vehicle 0 -> Waits for 10 units
2025-09-15 11:14:14,905 [INFO]   [T=2820.0] Vehicle 0 -> Waits for 10 units
2025-09-15 11:14:14,905 [INFO]   [T=2830.0] Vehicle 0 -> Waits for 10 units
2025-09-15 11:14:14,905 [INFO]   [T=2840.0] Vehicle 0 -> Waits for 10 units
2025-09-15 11:14:14,906 [INFO]   [T=2850.0] Vehicle 0 -> Waits for 10 units
2025-09-15 11:14:14,906 [INFO]   [T=2860.0] Vehicle 0 -> Waits for 10 units
2025-09-15 11:14:14,907 [INFO]   [T=2870.0] Vehicle 0 -> Waits for 10 units
2025-09-15 11:14:14,907 [INFO]   [T=2880.0] Vehicle 0 -> Waits for 10 units
2025-09-15 11:14:14,907 [INFO]   [T=2890.0] Vehicle 0 -> Waits for 10 units
2025-09-15 11:14:14,908 [INFO]   [T=2900.0] Vehicle 0 -> Waits for 10 units
2025-09-15 11:14:14,908 [INFO]   [T=2910.0] Vehicle 0 -> Waits for 10 units
2025-09-15 11:14:14,908 [INFO]   [T=2920.0] Vehicle 0 -> Waits for 10 units
2025-09-15 11:14:14,909 [INFO]   [T=2930.0] Vehicle 0 -> Waits for 10 units
2025-09-15 11:14:14,909 [INFO]   [T=2940.0] Vehicle 0 -> Waits for 10 units
2025-09-15 11:14:14,910 [INFO]   [T=2950.0] Vehicle 0 -> Waits for 10 units
2025-09-15 11:14:14,910 [INFO]   [T=2960.0] Vehicle 0 -> Waits for 10 units
2025-09-15 11:14:14,910 [INFO]   [T=2970.0] Vehicle 0 -> Waits for 10 units
2025-09-15 11:14:14,911 [INFO]   [T=2980.0] Vehicle 0 -> Waits for 10 units
2025-09-15 11:14:14,911 [INFO]   [T=2990.0] Vehicle 0 -> Waits for 10 units
2025-09-15 11:14:14,911 [INFO]   [T=3000.0] Vehicle 0 -> Waits for 10 units
2025-09-15 11:14:14,912 [INFO]   [T=3010.0] Vehicle 0 -> Waits for 10 units
2025-09-15 11:14:14,912 [INFO]   [T=3020.0] Vehicle 0 -> Waits for 10 units
2025-09-15 11:14:14,912 [INFO]   [T=3030.0] Vehicle 0 -> Waits for 10 units
2025-09-15 11:14:14,913 [INFO]   [T=3040.0] Vehicle 0 -> Waits for 10 units
2025-09-15 11:14:14,913 [INFO]   [T=3050.0] Vehicle 0 -> Waits for 10 units
2025-09-15 11:14:14,913 [INFO]   [T=3060.0] Vehicle 0 -> Waits for 10 units
2025-09-15 11:14:14,914 [INFO]   [T=3070.0] Vehicle 0 -> Waits for 10 units
2025-09-15 11:14:14,914 [INFO]   [T=3080.0] Vehicle 0 -> Waits for 10 units
2025-09-15 11:14:14,915 [INFO]   [T=3090.0] Vehicle 0 -> Waits for 10 units
2025-09-15 11:14:14,915 [INFO]   [T=3100.0] Vehicle 0 -> Waits for 10 units
2025-09-15 11:14:14,915 [INFO]   [T=3110.0] Vehicle 0 -> Waits for 10 units
2025-09-15 11:14:14,916 [INFO]   [T=3120.0] Vehicle 0 -> Waits for 10 units
2025-09-15 11:14:14,916 [INFO]   [T=3130.0] Vehicle 0 -> Waits for 10 units
2025-09-15 11:14:14,916 [INFO]   [T=3140.0] Vehicle 0 -> Waits for 10 units
2025-09-15 11:14:14,917 [INFO]   [T=3150.0] Vehicle 0 -> Waits for 10 units
2025-09-15 11:14:14,917 [INFO]   [T=3160.0] Vehicle 0 -> Waits for 10 units
2025-09-15 11:14:14,917 [INFO]   [T=3170.0] Vehicle 0 -> Waits for 10 units
2025-09-15 11:14:14,918 [INFO]   [T=3180.0] Vehicle 0 -> Waits for 10 units
2025-09-15 11:14:14,918 [INFO]   [T=3190.0] Vehicle 0 -> Waits for 10 units
2025-09-15 11:14:14,918 [INFO]   [T=3200.0] Vehicle 0 -> Waits for 10 units
2025-09-15 11:14:14,919 [INFO]   [T=3210.0] Vehicle 0 -> Waits for 10 units
2025-09-15 11:14:14,919 [INFO]   [T=3220.0] Vehicle 0 -> Waits for 10 units
2025-09-15 11:14:14,920 [INFO]   [T=3230.0] Vehicle 0 -> Waits for 10 units
2025-09-15 11:14:14,920 [INFO]   [T=3240.0] Vehicle 0 -> Waits for 10 units
2025-09-15 11:14:14,920 [INFO]   [T=3250.0] Vehicle 0 -> Waits for 10 units
2025-09-15 11:14:14,921 [INFO]   [T=3260.0] Vehicle 0 -> Waits for 10 units
2025-09-15 11:14:14,921 [INFO]   [T=3270.0] Vehicle 0 -> Waits for 10 units
2025-09-15 11:14:14,922 [INFO]   [T=3280.0] Vehicle 0 -> Waits for 10 units
2025-09-15 11:14:14,922 [INFO]   [T=3290.0] Vehicle 0 -> Waits for 10 units
2025-09-15 11:14:14,922 [INFO]   [T=3300.0] Vehicle 0 -> Waits for 10 units
2025-09-15 11:14:14,923 [INFO]   [T=3310.0] Vehicle 0 -> Waits for 10 units
2025-09-15 11:14:14,923 [INFO]   [T=3320.0] Vehicle 0 -> Waits for 10 units
2025-09-15 11:14:14,923 [INFO]   [T=3330.0] Vehicle 0 -> Waits for 10 units
2025-09-15 11:14:14,924 [INFO]   [T=3340.0] Vehicle 0 -> Waits for 10 units
2025-09-15 11:14:14,924 [INFO]   [T=3350.0] Vehicle 0 -> Waits for 10 units
2025-09-15 11:14:14,924 [INFO]   [T=3360.0] Vehicle 0 -> Waits for 10 units
2025-09-15 11:14:14,925 [INFO]   [T=3370.0] Vehicle 0 -> Waits for 10 units
2025-09-15 11:14:14,925 [INFO]   [T=3380.0] Vehicle 0 -> Waits for 10 units
2025-09-15 11:14:14,926 [INFO]   [T=3390.0] Vehicle 0 -> Waits for 10 units
2025-09-15 11:14:14,926 [INFO]   [T=3400.0] Vehicle 0 -> Waits for 10 units
2025-09-15 11:14:14,926 [INFO]   [T=3410.0] Vehicle 0 -> Waits for 10 units
2025-09-15 11:14:14,927 [INFO]   [T=3420.0] Vehicle 0 -> Waits for 10 units
2025-09-15 11:14:14,927 [INFO]   [T=3430.0] Vehicle 0 -> Waits for 10 units
2025-09-15 11:14:14,928 [INFO]   [T=3440.0] Vehicle 0 -> Waits for 10 units
2025-09-15 11:14:14,928 [INFO]   [T=3450.0] Vehicle 0 -> Waits for 10 units
2025-09-15 11:14:14,928 [INFO]   [T=3460.0] Vehicle 0 -> Waits for 10 units
2025-09-15 11:14:14,929 [INFO]   [T=3470.0] Vehicle 0 -> Waits for 10 units
2025-09-15 11:14:14,929 [INFO]   [T=3480.0] Vehicle 0 -> Waits for 10 units
2025-09-15 11:14:14,929 [INFO]   [T=3490.0] Vehicle 0 -> Waits for 10 units
2025-09-15 11:14:14,930 [INFO]   [T=3500.0] Vehicle 0 -> Waits for 10 units
2025-09-15 11:14:14,930 [INFO]   [T=3510.0] Vehicle 0 -> Waits for 10 units
2025-09-15 11:14:14,930 [INFO]   [T=3520.0] Vehicle 0 -> Waits for 10 units
2025-09-15 11:14:14,931 [INFO]   [T=3530.0] Vehicle 0 -> Waits for 10 units
2025-09-15 11:14:14,931 [INFO]   [T=3540.0] Vehicle 0 -> Waits for 10 units
2025-09-15 11:14:14,932 [INFO]   [T=3550.0] Vehicle 0 -> Waits for 10 units
2025-09-15 11:14:14,932 [INFO]   [T=3560.0] Vehicle 0 -> Waits for 10 units
2025-09-15 11:14:14,932 [INFO]   [T=3570.0] Vehicle 0 -> Waits for 10 units
2025-09-15 11:14:14,933 [INFO]   [T=3580.0] Vehicle 0 -> Waits for 10 units
2025-09-15 11:14:14,933 [INFO]   [T=3590.0] Vehicle 0 -> Waits for 10 units
2025-09-15 11:14:14,933 [INFO]   [T=3600.0] Vehicle 0 -> Waits for 10 units
2025-09-15 11:14:14,934 [INFO]   [T=3610.0] Vehicle 0 -> Waits for 10 units
2025-09-15 11:14:14,934 [INFO]   [T=3620.0] Vehicle 0 -> Waits for 10 units
2025-09-15 11:14:14,934 [INFO]   [T=3630.0] Vehicle 0 -> Waits for 10 units
2025-09-15 11:14:14,935 [INFO]   [T=3640.0] Vehicle 0 -> Waits for 10 units
2025-09-15 11:14:14,935 [INFO]   [T=3650.0] Vehicle 0 -> Waits for 10 units
2025-09-15 11:14:14,936 [INFO]   [T=3660.0] Vehicle 0 -> Waits for 10 units
2025-09-15 11:14:14,936 [INFO]   [T=3670.0] Vehicle 0 -> Waits for 10 units
2025-09-15 11:14:14,936 [INFO]   [T=3680.0] Vehicle 0 -> Waits for 10 units
2025-09-15 11:14:14,937 [INFO]   [T=3690.0] Vehicle 0 -> Waits for 10 units
2025-09-15 11:14:14,937 [INFO]   [T=3700.0] Vehicle 0 -> Waits for 10 units
2025-09-15 11:14:14,937 [INFO]   [T=3710.0] Vehicle 0 -> Waits for 10 units
2025-09-15 11:14:14,938 [INFO]   [T=3720.0] Vehicle 0 -> Waits for 10 units
2025-09-15 11:14:14,938 [INFO]   [T=3730.0] Vehicle 0 -> Waits for 10 units
2025-09-15 11:14:14,939 [INFO]   [T=3740.0] Vehicle 0 -> Waits for 10 units
2025-09-15 11:14:14,939 [INFO]   [T=3750.0] Vehicle 0 -> Waits for 10 units
2025-09-15 11:14:14,939 [INFO]   [T=3760.0] Vehicle 0 -> Waits for 10 units
2025-09-15 11:14:14,940 [INFO]   [T=3770.0] Vehicle 0 -> Waits for 10 units
2025-09-15 11:14:14,940 [INFO]   [T=3780.0] Vehicle 0 -> Waits for 10 units
2025-09-15 11:14:14,941 [INFO]   [T=3790.0] Vehicle 0 -> Waits for 10 units
2025-09-15 11:14:14,941 [INFO]   [T=3800.0] Vehicle 0 -> Waits for 10 units
2025-09-15 11:14:14,941 [INFO]   [T=3810.0] Vehicle 0 -> Waits for 10 units
2025-09-15 11:14:14,942 [INFO]   [T=3820.0] Vehicle 0 -> Waits for 10 units
2025-09-15 11:14:14,942 [INFO]   [T=3830.0] Vehicle 0 -> Waits for 10 units
2025-09-15 11:14:14,942 [INFO]   [T=3840.0] Vehicle 0 -> Waits for 10 units
2025-09-15 11:14:14,943 [INFO]   [T=3850.0] Vehicle 0 -> Waits for 10 units
2025-09-15 11:14:14,943 [INFO]   [T=3860.0] Vehicle 0 -> Waits for 10 units
2025-09-15 11:14:14,943 [INFO]   [T=3870.0] Vehicle 0 -> Waits for 10 units
2025-09-15 11:14:14,944 [INFO]   [T=3880.0] Vehicle 0 -> Waits for 10 units
2025-09-15 11:14:14,944 [INFO]   [T=3890.0] Vehicle 0 -> Waits for 10 units
2025-09-15 11:14:14,944 [INFO]   [T=3900.0] Vehicle 0 -> Waits for 10 units
2025-09-15 11:14:14,945 [INFO]   [T=3910.0] Vehicle 0 -> Waits for 10 units
2025-09-15 11:14:14,945 [INFO]   [T=3920.0] Vehicle 0 -> Waits for 10 units
2025-09-15 11:14:14,945 [INFO]   [T=3930.0] Vehicle 0 -> Waits for 10 units
2025-09-15 11:14:14,946 [INFO]   [T=3940.0] Vehicle 0 -> Waits for 10 units
2025-09-15 11:14:14,946 [INFO]   [T=3950.0] Vehicle 0 -> Waits for 10 units
2025-09-15 11:14:14,946 [INFO]   [T=3960.0] Vehicle 0 -> Waits for 10 units
2025-09-15 11:14:14,947 [INFO]   [T=3970.0] Vehicle 0 -> Waits for 10 units
2025-09-15 11:14:14,947 [INFO]   [T=3980.0] Vehicle 0 -> Waits for 10 units
2025-09-15 11:14:14,947 [INFO]   [T=3990.0] Vehicle 0 -> Waits for 10 units
2025-09-15 11:14:14,948 [INFO]   [T=4000.0] Vehicle 0 -> Waits for 10 units
2025-09-15 11:14:14,948 [INFO]   [T=4010.0] Vehicle 0 -> Waits for 10 units
2025-09-15 11:14:14,949 [INFO]   [T=4020.0] Vehicle 0 -> Waits for 10 units
2025-09-15 11:14:14,949 [INFO]   [T=4030.0] Vehicle 0 -> Waits for 10 units
2025-09-15 11:14:14,949 [INFO]   [T=4040.0] Vehicle 0 -> Waits for 10 units
2025-09-15 11:14:14,950 [INFO]   [T=4050.0] Vehicle 0 -> Waits for 10 units
2025-09-15 11:14:14,950 [INFO]   [T=4060.0] Vehicle 0 -> Waits for 10 units
2025-09-15 11:14:14,950 [INFO]   [T=4070.0] Vehicle 0 -> Waits for 10 units
2025-09-15 11:14:14,951 [INFO]   [T=4080.0] Vehicle 0 -> Waits for 10 units
2025-09-15 11:14:14,951 [INFO]   [T=4090.0] Vehicle 0 -> Waits for 10 units
2025-09-15 11:14:14,951 [INFO]   [T=4100.0] Vehicle 0 -> Waits for 10 units
2025-09-15 11:14:14,952 [INFO]   [T=4110.0] Vehicle 0 -> Waits for 10 units
2025-09-15 11:14:14,952 [INFO]   [T=4120.0] Vehicle 0 -> Waits for 10 units
2025-09-15 11:14:14,952 [INFO]   [T=4130.0] Vehicle 0 -> Waits for 10 units
2025-09-15 11:14:14,953 [INFO]   [T=4140.0] Vehicle 0 -> Waits for 10 units
2025-09-15 11:14:14,953 [INFO]   [T=4150.0] Vehicle 0 -> Waits for 10 units
2025-09-15 11:14:14,953 [INFO]   [T=4160.0] Vehicle 0 -> Waits for 10 units
2025-09-15 11:14:14,954 [INFO]   [T=4170.0] Vehicle 0 -> Waits for 10 units
2025-09-15 11:14:14,954 [INFO]   [T=4180.0] Vehicle 0 -> Waits for 10 units
2025-09-15 11:14:14,955 [INFO]   [T=4190.0] Vehicle 0 -> Waits for 10 units
2025-09-15 11:14:14,955 [INFO]   [T=4200.0] Vehicle 0 -> Waits for 10 units
2025-09-15 11:14:14,955 [INFO]   [T=4210.0] Vehicle 0 -> Waits for 10 units
2025-09-15 11:14:14,956 [INFO]   [T=4220.0] Vehicle 0 -> Waits for 10 units
2025-09-15 11:14:14,956 [INFO]   [T=4230.0] Vehicle 0 -> Waits for 10 units
2025-09-15 11:14:14,956 [INFO]   [T=4240.0] Vehicle 0 -> Waits for 10 units
2025-09-15 11:14:14,957 [INFO]   [T=4250.0] Vehicle 0 -> Waits for 10 units
2025-09-15 11:14:14,957 [INFO]   [T=4260.0] Vehicle 0 -> Waits for 10 units
2025-09-15 11:14:14,957 [INFO]   [T=4270.0] Vehicle 0 -> Waits for 10 units
2025-09-15 11:14:14,958 [INFO]   [T=4280.0] Vehicle 0 -> Waits for 10 units
2025-09-15 11:14:14,958 [INFO]   [T=4290.0] Vehicle 0 -> Waits for 10 units
2025-09-15 11:14:14,958 [INFO]   [T=4300.0] Vehicle 0 -> Waits for 10 units
2025-09-15 11:14:14,959 [INFO]   [T=4310.0] Vehicle 0 -> Waits for 10 units
2025-09-15 11:14:14,959 [INFO]   [T=4320.0] Vehicle 0 -> Waits for 10 units
2025-09-15 11:14:14,960 [INFO]   [T=4330.0] Vehicle 0 -> Waits for 10 units
2025-09-15 11:14:14,960 [INFO]   [T=4340.0] Vehicle 0 -> Waits for 10 units
2025-09-15 11:14:14,960 [INFO]   [T=4350.0] Vehicle 0 -> Waits for 10 units
2025-09-15 11:14:14,961 [INFO]   [T=4360.0] Vehicle 0 -> Waits for 10 units
2025-09-15 11:14:14,961 [INFO]   [T=4370.0] Vehicle 0 -> Waits for 10 units
2025-09-15 11:14:14,962 [INFO]   [T=4380.0] Vehicle 0 -> Waits for 10 units
2025-09-15 11:14:14,962 [INFO]   [T=4390.0] Vehicle 0 -> Waits for 10 units
2025-09-15 11:14:14,962 [INFO]   [T=4400.0] Vehicle 0 -> Waits for 10 units
2025-09-15 11:14:14,963 [INFO]   [T=4410.0] Vehicle 0 -> Waits for 10 units
2025-09-15 11:14:14,963 [INFO]   [T=4420.0] Vehicle 0 -> Waits for 10 units
2025-09-15 11:14:14,963 [INFO]   [T=4430.0] Vehicle 0 -> Waits for 10 units
2025-09-15 11:14:14,964 [INFO]   [T=4440.0] Vehicle 0 -> Waits for 10 units
2025-09-15 11:14:14,964 [INFO]   [T=4450.0] Vehicle 0 -> Waits for 10 units
2025-09-15 11:14:14,965 [INFO]   [T=4460.0] Vehicle 0 -> Waits for 10 units
2025-09-15 11:14:14,965 [INFO]   [T=4470.0] Vehicle 0 -> Waits for 10 units
2025-09-15 11:14:14,965 [INFO]   [T=4480.0] Vehicle 0 -> Waits for 10 units
2025-09-15 11:14:14,966 [INFO]   [T=4490.0] Vehicle 0 -> Waits for 10 units
2025-09-15 11:14:14,966 [INFO]   [T=4500.0] Vehicle 0 -> Waits for 10 units
2025-09-15 11:14:14,967 [INFO]   [T=4510.0] Vehicle 0 -> Waits for 10 units
2025-09-15 11:14:14,967 [INFO]   [T=4520.0] Vehicle 0 -> Waits for 10 units
2025-09-15 11:14:14,967 [INFO]   [T=4530.0] Vehicle 0 -> Waits for 10 units
2025-09-15 11:14:14,968 [INFO]   [T=4540.0] Vehicle 0 -> Waits for 10 units
2025-09-15 11:14:14,968 [INFO]   [T=4550.0] Vehicle 0 -> Waits for 10 units
2025-09-15 11:14:14,969 [INFO]   [T=4560.0] Vehicle 0 -> Waits for 10 units
2025-09-15 11:14:14,969 [INFO]   [T=4570.0] Vehicle 0 -> Waits for 10 units
2025-09-15 11:14:14,969 [INFO]   [T=4580.0] Vehicle 0 -> Waits for 10 units
2025-09-15 11:14:14,970 [INFO]   [T=4590.0] Vehicle 0 -> Waits for 10 units
2025-09-15 11:14:14,970 [INFO]   [T=4600.0] Vehicle 0 -> Waits for 10 units
2025-09-15 11:14:14,970 [INFO]   [T=4610.0] Vehicle 0 -> Waits for 10 units
2025-09-15 11:14:14,971 [INFO]   [T=4620.0] Vehicle 0 -> Waits for 10 units
2025-09-15 11:14:14,971 [INFO]   [T=4630.0] Vehicle 0 -> Waits for 10 units
2025-09-15 11:14:14,972 [INFO]   [T=4640.0] Vehicle 0 -> Waits for 10 units
2025-09-15 11:14:14,972 [INFO]   [T=4650.0] Vehicle 0 -> Waits for 10 units
2025-09-15 11:14:14,973 [INFO]   [T=4660.0] Vehicle 0 -> Waits for 10 units
2025-09-15 11:14:14,973 [INFO]   [T=4670.0] Vehicle 0 -> Waits for 10 units
2025-09-15 11:14:14,973 [INFO]   [T=4680.0] Vehicle 0 -> Waits for 10 units
2025-09-15 11:14:14,974 [INFO]   [T=4690.0] Vehicle 0 -> Waits for 10 units
2025-09-15 11:14:14,974 [INFO]   [T=4700.0] Vehicle 0 -> Waits for 10 units
2025-09-15 11:14:14,974 [INFO]   [T=4710.0] Vehicle 0 -> Waits for 10 units
2025-09-15 11:14:14,975 [INFO]   [T=4720.0] Vehicle 0 -> Waits for 10 units
2025-09-15 11:14:14,975 [INFO]   [T=4730.0] Vehicle 0 -> Waits for 10 units
2025-09-15 11:14:14,975 [INFO]   [T=4740.0] Vehicle 0 -> Waits for 10 units
2025-09-15 11:14:14,976 [INFO]   [T=4750.0] Vehicle 0 -> Waits for 10 units
2025-09-15 11:14:14,976 [INFO]   [T=4760.0] Vehicle 0 -> Waits for 10 units
2025-09-15 11:14:14,976 [INFO]   [T=4770.0] Vehicle 0 -> Waits for 10 units
2025-09-15 11:14:14,977 [INFO]   [T=4780.0] Vehicle 0 -> Waits for 10 units
2025-09-15 11:14:14,977 [INFO]   [T=4790.0] Vehicle 0 -> Waits for 10 units
2025-09-15 11:14:14,977 [INFO]   [T=4800.0] Vehicle 0 -> Waits for 10 units
2025-09-15 11:14:14,978 [INFO]   [T=4810.0] Vehicle 0 -> Waits for 10 units
2025-09-15 11:14:14,978 [INFO]   [T=4820.0] Vehicle 0 -> Waits for 10 units
2025-09-15 11:14:14,979 [INFO]   [T=4830.0] Vehicle 0 -> Waits for 10 units
2025-09-15 11:14:14,979 [INFO]   [T=4840.0] Vehicle 0 -> Waits for 10 units
2025-09-15 11:14:14,979 [INFO]   [T=4850.0] Vehicle 0 -> Waits for 10 units
2025-09-15 11:14:14,980 [INFO]   [T=4860.0] Vehicle 0 -> Waits for 10 units
2025-09-15 11:14:14,980 [INFO]   [T=4870.0] Vehicle 0 -> Waits for 10 units
2025-09-15 11:14:14,981 [INFO]   [T=4880.0] Vehicle 0 -> Waits for 10 units
2025-09-15 11:14:14,981 [INFO]   [T=4890.0] Vehicle 0 -> Waits for 10 units
2025-09-15 11:14:14,981 [INFO]   [T=4900.0] Vehicle 0 -> Waits for 10 units
2025-09-15 11:14:14,982 [INFO]   [T=4910.0] Vehicle 0 -> Waits for 10 units
2025-09-15 11:14:14,982 [INFO]   [T=4920.0] Vehicle 0 -> Waits for 10 units
2025-09-15 11:14:14,983 [INFO]   [T=4930.0] Vehicle 0 -> Waits for 10 units
2025-09-15 11:14:14,983 [INFO]   [T=4940.0] Vehicle 0 -> Waits for 10 units
2025-09-15 11:14:14,983 [INFO]   [T=4950.0] Vehicle 0 -> Waits for 10 units
2025-09-15 11:14:14,984 [INFO]   [T=4960.0] Vehicle 0 -> Waits for 10 units
2025-09-15 11:14:14,984 [INFO]   [T=4970.0] Vehicle 0 -> Waits for 10 units
2025-09-15 11:14:14,984 [INFO]   [T=4980.0] Vehicle 0 -> Waits for 10 units
2025-09-15 11:14:14,985 [INFO]   [T=4990.0] Vehicle 0 -> Waits for 10 units
2025-09-15 11:14:14,985 [INFO]   [T=5000.0] Vehicle 0 -> Waits for 10 units
2025-09-15 11:14:14,985 [INFO]   [T=5010.0] Vehicle 0 -> Waits for 10 units
2025-09-15 11:14:14,986 [INFO]   [T=5020.0] Vehicle 0 -> Waits for 10 units
2025-09-15 11:14:14,986 [INFO]   [T=5030.0] Vehicle 0 -> Waits for 10 units
2025-09-15 11:14:14,987 [INFO]   [T=5040.0] Vehicle 0 -> Waits for 10 units
2025-09-15 11:14:14,987 [INFO]   [T=5050.0] Vehicle 0 -> Waits for 10 units
2025-09-15 11:14:14,987 [INFO]   [T=5060.0] Vehicle 0 -> Waits for 10 units
2025-09-15 11:14:14,988 [INFO]   [T=5070.0] Vehicle 0 -> Waits for 10 units
2025-09-15 11:14:14,988 [INFO]   [T=5080.0] Vehicle 0 -> Waits for 10 units
2025-09-15 11:14:14,989 [INFO]   [T=5090.0] Vehicle 0 -> Waits for 10 units
2025-09-15 11:14:14,989 [INFO]   [T=5100.0] Vehicle 0 -> Waits for 10 units
2025-09-15 11:14:14,989 [INFO]   [T=5110.0] Vehicle 0 -> Waits for 10 units
2025-09-15 11:14:14,990 [INFO]   [T=5120.0] Vehicle 0 -> Waits for 10 units
2025-09-15 11:14:14,990 [INFO]   [T=5130.0] Vehicle 0 -> Waits for 10 units
2025-09-15 11:14:14,990 [INFO]   [T=5140.0] Vehicle 0 -> Waits for 10 units
2025-09-15 11:14:14,991 [INFO]   [T=5150.0] Vehicle 0 -> Waits for 10 units
2025-09-15 11:14:14,991 [INFO]   [T=5160.0] Vehicle 0 -> Waits for 10 units
2025-09-15 11:14:14,992 [INFO]   [T=5170.0] Vehicle 0 -> Waits for 10 units
2025-09-15 11:14:14,992 [INFO]   [T=5180.0] Vehicle 0 -> Waits for 10 units
2025-09-15 11:14:14,992 [INFO]   [T=5190.0] Vehicle 0 -> Waits for 10 units
2025-09-15 11:14:14,993 [INFO]   [T=5200.0] Vehicle 0 -> Waits for 10 units
2025-09-15 11:14:14,993 [INFO]   [T=5210.0] Vehicle 0 -> Waits for 10 units
2025-09-15 11:14:14,993 [INFO]   [T=5220.0] Vehicle 0 -> Waits for 10 units
2025-09-15 11:14:14,994 [INFO]   [T=5230.0] Vehicle 0 -> Waits for 10 units
2025-09-15 11:14:14,994 [INFO]   [T=5240.0] Vehicle 0 -> Waits for 10 units
2025-09-15 11:14:14,995 [INFO]   [T=5250.0] Vehicle 0 -> Waits for 10 units
2025-09-15 11:14:14,995 [INFO]   [T=5260.0] Vehicle 0 -> Waits for 10 units
2025-09-15 11:14:14,995 [INFO]   [T=5270.0] Vehicle 0 -> Waits for 10 units
2025-09-15 11:14:14,996 [INFO]   [T=5280.0] Vehicle 0 -> Waits for 10 units
2025-09-15 11:14:14,996 [INFO]   [T=5290.0] Vehicle 0 -> Waits for 10 units
2025-09-15 11:14:14,996 [INFO]   [T=5300.0] Vehicle 0 -> Waits for 10 units
2025-09-15 11:14:14,997 [INFO]   [T=5310.0] Vehicle 0 -> Waits for 10 units
2025-09-15 11:14:14,997 [INFO]   [T=5320.0] Vehicle 0 -> Waits for 10 units
2025-09-15 11:14:14,998 [INFO]   [T=5330.0] Vehicle 0 -> Waits for 10 units
2025-09-15 11:14:14,998 [INFO]   [T=5340.0] Vehicle 0 -> Waits for 10 units
2025-09-15 11:14:14,998 [INFO]   [T=5350.0] Vehicle 0 -> Waits for 10 units
2025-09-15 11:14:14,998 [INFO]   [T=5360.0] Vehicle 0 -> Waits for 10 units
2025-09-15 11:14:14,999 [INFO]   [T=5370.0] Vehicle 0 -> Waits for 10 units
2025-09-15 11:14:14,999 [INFO]   [T=5380.0] Vehicle 0 -> Waits for 10 units
2025-09-15 11:14:15,000 [INFO]   [T=5390.0] Vehicle 0 -> Waits for 10 units
2025-09-15 11:14:15,000 [INFO]   [T=5400.0] Vehicle 0 -> Waits for 10 units
2025-09-15 11:14:15,000 [INFO]   [T=5410.0] Vehicle 0 -> Waits for 10 units
2025-09-15 11:14:15,000 [INFO]   [T=5420.0] Vehicle 0 -> Waits for 10 units
2025-09-15 11:14:15,001 [INFO]   [T=5430.0] Vehicle 0 -> Waits for 10 units
2025-09-15 11:14:15,001 [INFO]   [T=5440.0] Vehicle 0 -> Waits for 10 units
2025-09-15 11:14:15,002 [INFO]   [T=5450.0] Vehicle 0 -> Waits for 10 units
2025-09-15 11:14:15,002 [INFO]   [T=5460.0] Vehicle 0 -> Waits for 10 units
2025-09-15 11:14:15,002 [INFO]   [T=5470.0] Vehicle 0 -> Waits for 10 units
2025-09-15 11:14:15,003 [INFO]   [T=5480.0] Vehicle 0 -> Waits for 10 units
2025-09-15 11:14:15,003 [INFO]   [T=5490.0] Vehicle 0 -> Waits for 10 units
2025-09-15 11:14:15,003 [INFO]   [T=5500.0] Vehicle 0 -> Waits for 10 units
2025-09-15 11:14:15,004 [INFO]   [T=5510.0] Vehicle 0 -> Waits for 10 units
2025-09-15 11:14:15,004 [INFO]   [T=5520.0] Vehicle 0 -> Waits for 10 units
2025-09-15 11:14:15,005 [INFO]   [T=5530.0] Vehicle 0 -> Waits for 10 units
2025-09-15 11:14:15,005 [INFO]   [T=5540.0] Vehicle 0 -> Waits for 10 units
2025-09-15 11:14:15,005 [INFO]   [T=5550.0] Vehicle 0 -> Waits for 10 units
2025-09-15 11:14:15,006 [INFO]   [T=5560.0] Vehicle 0 -> Waits for 10 units
2025-09-15 11:14:15,006 [INFO]   [T=5570.0] Vehicle 0 -> Waits for 10 units
2025-09-15 11:14:15,006 [INFO]   [T=5580.0] Vehicle 0 -> Waits for 10 units
2025-09-15 11:14:15,007 [INFO]   [T=5590.0] Vehicle 0 -> Waits for 10 units
2025-09-15 11:14:15,007 [INFO]   [T=5600.0] Vehicle 0 -> Waits for 10 units
2025-09-15 11:14:15,007 [INFO]   [T=5610.0] Vehicle 0 -> Waits for 10 units
2025-09-15 11:14:15,008 [INFO]   [T=5620.0] Vehicle 0 -> Waits for 10 units
2025-09-15 11:14:15,008 [INFO]   [T=5630.0] Vehicle 0 -> Waits for 10 units
2025-09-15 11:14:15,009 [INFO]   [T=5640.0] Vehicle 0 -> Waits for 10 units
2025-09-15 11:14:15,009 [INFO]   [T=5650.0] Vehicle 0 -> Waits for 10 units
2025-09-15 11:14:15,009 [INFO]   [T=5660.0] Vehicle 0 -> Waits for 10 units
2025-09-15 11:14:15,010 [INFO]   [T=5670.0] Vehicle 0 -> Waits for 10 units
2025-09-15 11:14:15,010 [INFO]   [T=5680.0] Vehicle 0 -> Waits for 10 units
2025-09-15 11:14:15,010 [INFO]   [T=5690.0] Vehicle 0 -> Waits for 10 units
2025-09-15 11:14:15,011 [INFO]   [T=5700.0] Vehicle 0 -> Waits for 10 units
2025-09-15 11:14:15,011 [INFO]   [T=5710.0] Vehicle 0 -> Waits for 10 units
2025-09-15 11:14:15,011 [INFO]   [T=5720.0] Vehicle 0 -> Waits for 10 units
2025-09-15 11:14:15,012 [INFO]   [T=5730.0] Vehicle 0 -> Waits for 10 units
2025-09-15 11:14:15,012 [INFO]   [T=5740.0] Vehicle 0 -> Waits for 10 units
2025-09-15 11:14:15,012 [INFO]   [T=5750.0] Vehicle 0 -> Waits for 10 units
2025-09-15 11:14:15,013 [INFO]   [T=5760.0] Vehicle 0 -> Waits for 10 units
2025-09-15 11:14:15,013 [INFO]   [T=5770.0] Vehicle 0 -> Waits for 10 units
2025-09-15 11:14:15,013 [INFO]   [T=5780.0] Vehicle 0 -> Waits for 10 units
2025-09-15 11:14:15,014 [INFO]   [T=5790.0] Vehicle 0 -> Waits for 10 units
2025-09-15 11:14:15,014 [INFO]   [T=5800.0] Vehicle 0 -> Waits for 10 units
2025-09-15 11:14:15,014 [INFO]   [T=5810.0] Vehicle 0 -> Waits for 10 units
2025-09-15 11:14:15,015 [INFO]   [T=5820.0] Vehicle 0 -> Waits for 10 units
2025-09-15 11:14:15,015 [INFO]   [T=5830.0] Vehicle 0 -> Waits for 10 units
2025-09-15 11:14:15,016 [INFO]   [T=5840.0] Vehicle 0 -> Waits for 10 units
2025-09-15 11:14:15,016 [INFO]   [T=5850.0] Vehicle 0 -> Waits for 10 units
2025-09-15 11:14:15,016 [INFO]   [T=5860.0] Vehicle 0 -> Waits for 10 units
2025-09-15 11:14:15,017 [INFO]   [T=5870.0] Vehicle 0 -> Waits for 10 units
2025-09-15 11:14:15,017 [INFO]   [T=5880.0] Vehicle 0 -> Waits for 10 units
2025-09-15 11:14:15,017 [INFO]   [T=5890.0] Vehicle 0 -> Waits for 10 units
2025-09-15 11:14:15,018 [INFO]   [T=5900.0] Vehicle 0 -> Waits for 10 units
2025-09-15 11:14:15,018 [INFO]   [T=5910.0] Vehicle 0 -> Waits for 10 units
2025-09-15 11:14:15,018 [INFO]   [T=5920.0] Vehicle 0 -> Waits for 10 units
2025-09-15 11:14:15,019 [INFO]   [T=5930.0] Vehicle 0 -> Waits for 10 units
2025-09-15 11:14:15,019 [INFO]   [T=5940.0] Vehicle 0 -> Waits for 10 units
2025-09-15 11:14:15,019 [INFO]   [T=5950.0] Vehicle 0 -> Waits for 10 units
2025-09-15 11:14:15,020 [INFO]   [T=5960.0] Vehicle 0 -> Waits for 10 units
2025-09-15 11:14:15,020 [INFO]   [T=5970.0] Vehicle 0 -> Waits for 10 units
2025-09-15 11:14:15,020 [INFO]   [T=5980.0] Vehicle 0 -> Waits for 10 units
2025-09-15 11:14:15,021 [INFO]   [T=5990.0] Vehicle 0 -> Waits for 10 units
2025-09-15 11:14:15,021 [INFO]   [T=6000.0] Vehicle 0 -> Waits for 10 units
2025-09-15 11:14:15,022 [INFO]   [T=6010.0] Vehicle 0 -> Waits for 10 units
2025-09-15 11:14:15,022 [INFO]   [T=6020.0] Vehicle 0 -> Waits for 10 units
2025-09-15 11:14:15,022 [INFO]   [T=6030.0] Vehicle 0 -> Waits for 10 units
2025-09-15 11:14:15,023 [INFO]   [T=6040.0] Vehicle 0 -> Waits for 10 units
2025-09-15 11:14:15,023 [INFO]   [T=6050.0] Vehicle 0 -> Waits for 10 units
2025-09-15 11:14:15,023 [INFO]   [T=6060.0] Vehicle 0 -> Waits for 10 units
2025-09-15 11:14:15,024 [INFO]   [T=6070.0] Vehicle 0 -> Waits for 10 units
2025-09-15 11:14:15,024 [INFO]   [T=6080.0] Vehicle 0 -> Waits for 10 units
2025-09-15 11:14:15,024 [INFO]   [T=6090.0] Vehicle 0 -> Waits for 10 units
2025-09-15 11:14:15,025 [INFO]   [T=6100.0] Vehicle 0 -> Waits for 10 units
2025-09-15 11:14:15,025 [INFO]   [T=6110.0] Vehicle 0 -> Waits for 10 units
2025-09-15 11:14:15,025 [INFO]   [T=6120.0] Vehicle 0 -> Waits for 10 units
2025-09-15 11:14:15,026 [INFO]   [T=6130.0] Vehicle 0 -> Waits for 10 units
2025-09-15 11:14:15,026 [INFO]   [T=6140.0] Vehicle 0 -> Waits for 10 units
2025-09-15 11:14:15,026 [INFO]   [T=6150.0] Vehicle 0 -> Waits for 10 units
2025-09-15 11:14:15,027 [INFO]   [T=6160.0] Vehicle 0 -> Waits for 10 units
2025-09-15 11:14:15,027 [INFO]   [T=6170.0] Vehicle 0 -> Waits for 10 units
2025-09-15 11:14:15,027 [INFO]   [T=6180.0] Vehicle 0 -> Waits for 10 units
2025-09-15 11:14:15,028 [INFO]   [T=6190.0] Vehicle 0 -> Waits for 10 units
2025-09-15 11:14:15,028 [INFO]   [T=6200.0] Vehicle 0 -> Waits for 10 units
2025-09-15 11:14:15,029 [INFO]   [T=6210.0] Vehicle 0 -> Waits for 10 units
2025-09-15 11:14:15,029 [INFO]   [T=6220.0] Vehicle 0 -> Waits for 10 units
2025-09-15 11:14:15,029 [INFO]   [T=6230.0] Vehicle 0 -> Waits for 10 units
2025-09-15 11:14:15,030 [INFO]   [T=6240.0] Vehicle 0 -> Waits for 10 units
2025-09-15 11:14:15,030 [INFO]   [T=6250.0] Vehicle 0 -> Waits for 10 units
2025-09-15 11:14:15,030 [INFO]   [T=6260.0] Vehicle 0 -> Waits for 10 units
2025-09-15 11:14:15,031 [INFO]   [T=6270.0] Vehicle 0 -> Waits for 10 units
2025-09-15 11:14:15,031 [INFO]   [T=6280.0] Vehicle 0 -> Waits for 10 units
2025-09-15 11:14:15,031 [INFO]   [T=6290.0] Vehicle 0 -> Waits for 10 units
2025-09-15 11:14:15,032 [INFO]   [T=6300.0] Vehicle 0 -> Waits for 10 units
2025-09-15 11:14:15,032 [INFO]   [T=6310.0] Vehicle 0 -> Waits for 10 units
2025-09-15 11:14:15,032 [INFO]   [T=6320.0] Vehicle 0 -> Waits for 10 units
2025-09-15 11:14:15,033 [INFO]   [T=6330.0] Vehicle 0 -> Waits for 10 units
2025-09-15 11:14:15,033 [INFO]   [T=6340.0] Vehicle 0 -> Waits for 10 units
2025-09-15 11:14:15,033 [INFO]   [T=6350.0] Vehicle 0 -> Waits for 10 units
2025-09-15 11:14:15,034 [INFO]   [T=6360.0] Vehicle 0 -> Waits for 10 units
2025-09-15 11:14:15,034 [INFO]   [T=6370.0] Vehicle 0 -> Waits for 10 units
2025-09-15 11:14:15,034 [INFO]   [T=6380.0] Vehicle 0 -> Waits for 10 units
2025-09-15 11:14:15,035 [INFO]   [T=6390.0] Vehicle 0 -> Waits for 10 units
2025-09-15 11:14:15,035 [INFO]   [T=6400.0] Vehicle 0 -> Waits for 10 units
2025-09-15 11:14:15,035 [INFO]   [T=6410.0] Vehicle 0 -> Waits for 10 units
2025-09-15 11:14:15,036 [INFO]   [T=6420.0] Vehicle 0 -> Waits for 10 units
2025-09-15 11:14:15,036 [INFO]   [T=6430.0] Vehicle 0 -> Waits for 10 units
2025-09-15 11:14:15,036 [INFO]   [T=6440.0] Vehicle 0 -> Waits for 10 units
2025-09-15 11:14:15,037 [INFO]   [T=6450.0] Vehicle 0 -> Waits for 10 units
2025-09-15 11:14:15,037 [INFO]   [T=6460.0] Vehicle 0 -> Waits for 10 units
2025-09-15 11:14:15,037 [INFO]   [T=6470.0] Vehicle 0 -> Waits for 10 units
2025-09-15 11:14:15,038 [INFO]   [T=6480.0] Vehicle 0 -> Waits for 10 units
2025-09-15 11:14:15,038 [INFO]   [T=6490.0] Vehicle 0 -> Waits for 10 units
2025-09-15 11:14:15,038 [INFO]   [T=6500.0] Vehicle 0 -> Waits for 10 units
2025-09-15 11:14:15,039 [INFO]   [T=6510.0] Vehicle 0 -> Waits for 10 units
2025-09-15 11:14:15,039 [INFO]   [T=6520.0] Vehicle 0 -> Waits for 10 units
2025-09-15 11:14:15,039 [INFO]   [T=6530.0] Vehicle 0 -> Waits for 10 units
2025-09-15 11:14:15,040 [INFO]   [T=6540.0] Vehicle 0 -> Waits for 10 units
2025-09-15 11:14:15,040 [INFO]   [T=6550.0] Vehicle 0 -> Waits for 10 units
2025-09-15 11:14:15,040 [INFO]   [T=6560.0] Vehicle 0 -> Waits for 10 units
2025-09-15 11:14:15,041 [INFO]   [T=6570.0] Vehicle 0 -> Waits for 10 units
2025-09-15 11:14:15,041 [INFO]   [T=6580.0] Vehicle 0 -> Waits for 10 units
2025-09-15 11:14:15,041 [INFO]   [T=6590.0] Vehicle 0 -> Waits for 10 units
2025-09-15 11:14:15,042 [INFO]   [T=6600.0] Vehicle 0 -> Waits for 10 units
2025-09-15 11:14:15,042 [INFO]   [T=6610.0] Vehicle 0 -> Waits for 10 units
2025-09-15 11:14:15,042 [INFO]   [T=6620.0] Vehicle 0 -> Waits for 10 units
2025-09-15 11:14:15,043 [INFO]   [T=6630.0] Vehicle 0 -> Waits for 10 units
2025-09-15 11:14:15,043 [INFO]   [T=6640.0] Vehicle 0 -> Waits for 10 units
2025-09-15 11:14:15,044 [INFO]   [T=6650.0] Vehicle 0 -> Waits for 10 units
2025-09-15 11:14:15,044 [INFO]   [T=6660.0] Vehicle 0 -> Waits for 10 units
2025-09-15 11:14:15,044 [INFO]   [T=6670.0] Vehicle 0 -> Waits for 10 units
2025-09-15 11:14:15,045 [INFO]   [T=6680.0] Vehicle 0 -> Waits for 10 units
2025-09-15 11:14:15,045 [INFO]   [T=6690.0] Vehicle 0 -> Waits for 10 units
2025-09-15 11:14:15,045 [INFO]   [T=6700.0] Vehicle 0 -> Waits for 10 units
2025-09-15 11:14:15,046 [INFO]   [T=6710.0] Vehicle 0 -> Waits for 10 units
2025-09-15 11:14:15,046 [INFO]   [T=6720.0] Vehicle 0 -> Waits for 10 units
2025-09-15 11:14:15,046 [INFO]   [T=6730.0] Vehicle 0 -> Waits for 10 units
2025-09-15 11:14:15,047 [INFO]   [T=6740.0] Vehicle 0 -> Waits for 10 units
2025-09-15 11:14:15,047 [INFO]   [T=6750.0] Vehicle 0 -> Waits for 10 units
2025-09-15 11:14:15,047 [INFO]   [T=6760.0] Vehicle 0 -> Waits for 10 units
2025-09-15 11:14:15,048 [INFO]   [T=6770.0] Vehicle 0 -> Waits for 10 units
2025-09-15 11:14:15,048 [INFO]   [T=6780.0] Vehicle 0 -> Waits for 10 units
2025-09-15 11:14:15,048 [INFO]   [T=6790.0] Vehicle 0 -> Waits for 10 units
2025-09-15 11:14:15,049 [INFO]   [T=6800.0] Vehicle 0 -> Waits for 10 units
2025-09-15 11:14:15,049 [INFO]   [T=6810.0] Vehicle 0 -> Waits for 10 units
2025-09-15 11:14:15,049 [INFO]   [T=6820.0] Vehicle 0 -> Waits for 10 units
2025-09-15 11:14:15,050 [INFO]   [T=6830.0] Vehicle 0 -> Waits for 10 units
2025-09-15 11:14:15,050 [INFO]   [T=6840.0] Vehicle 0 -> Waits for 10 units
2025-09-15 11:14:15,050 [INFO]   [T=6850.0] Vehicle 0 -> Waits for 10 units
2025-09-15 11:14:15,051 [INFO]   [T=6860.0] Vehicle 0 -> Waits for 10 units
2025-09-15 11:14:15,051 [INFO]   [T=6870.0] Vehicle 0 -> Waits for 10 units
2025-09-15 11:14:15,051 [INFO]   [T=6880.0] Vehicle 0 -> Waits for 10 units
2025-09-15 11:14:15,052 [INFO]   [T=6890.0] Vehicle 0 -> Waits for 10 units
2025-09-15 11:14:15,052 [INFO]   [T=6900.0] Vehicle 0 -> Waits for 10 units
2025-09-15 11:14:15,052 [INFO]   [T=6910.0] Vehicle 0 -> Waits for 10 units
2025-09-15 11:14:15,053 [INFO]   [T=6920.0] Vehicle 0 -> Waits for 10 units
2025-09-15 11:14:15,053 [INFO]   [T=6930.0] Vehicle 0 -> Waits for 10 units
2025-09-15 11:14:15,053 [INFO]   [T=6940.0] Vehicle 0 -> Waits for 10 units
2025-09-15 11:14:15,054 [INFO]   [T=6950.0] Vehicle 0 -> Waits for 10 units
2025-09-15 11:14:15,054 [INFO]   [T=6960.0] Vehicle 0 -> Waits for 10 units
2025-09-15 11:14:15,055 [INFO]   [T=6970.0] Vehicle 0 -> Waits for 10 units
2025-09-15 11:14:15,055 [INFO]   [T=6980.0] Vehicle 0 -> Waits for 10 units
2025-09-15 11:14:15,055 [INFO]   [T=6990.0] Vehicle 0 -> Waits for 10 units
2025-09-15 11:14:15,056 [INFO]   [T=7000.0] Vehicle 0 -> Waits for 10 units
2025-09-15 11:14:15,056 [INFO]   [T=7010.0] Vehicle 0 -> Waits for 10 units
2025-09-15 11:14:15,057 [INFO]   [T=7020.0] Vehicle 0 -> Waits for 10 units
2025-09-15 11:14:15,057 [INFO]   [T=7030.0] Vehicle 0 -> Waits for 10 units
2025-09-15 11:14:15,057 [INFO]   [T=7040.0] Vehicle 0 -> Waits for 10 units
2025-09-15 11:14:15,058 [INFO]   [T=7050.0] Vehicle 0 -> Waits for 10 units
2025-09-15 11:14:15,058 [INFO]   [T=7060.0] Vehicle 0 -> Waits for 10 units
2025-09-15 11:14:15,058 [INFO]   [T=7070.0] Vehicle 0 -> Waits for 10 units
2025-09-15 11:14:15,059 [INFO]   [T=7080.0] Vehicle 0 -> Waits for 10 units
2025-09-15 11:14:15,059 [INFO]   [T=7090.0] Vehicle 0 -> Waits for 10 units
2025-09-15 11:14:15,059 [INFO]   [T=7100.0] Vehicle 0 -> Waits for 10 units
2025-09-15 11:14:15,060 [INFO]   [T=7110.0] Vehicle 0 -> Waits for 10 units
2025-09-15 11:14:15,060 [INFO]   [T=7120.0] Vehicle 0 -> Waits for 10 units
2025-09-15 11:14:15,060 [INFO]   [T=7130.0] Vehicle 0 -> Waits for 10 units
2025-09-15 11:14:15,061 [INFO]   [T=7140.0] Vehicle 0 -> Waits for 10 units
2025-09-15 11:14:15,061 [INFO]   [T=7150.0] Vehicle 0 -> Waits for 10 units
2025-09-15 11:14:15,062 [INFO]   [T=7160.0] Vehicle 0 -> Waits for 10 units
2025-09-15 11:14:15,062 [INFO]   [T=7170.0] Vehicle 0 -> Waits for 10 units
2025-09-15 11:14:15,062 [INFO]   [T=7180.0] Vehicle 0 -> Waits for 10 units
2025-09-15 11:14:15,063 [INFO]   [T=7190.0] Vehicle 0 -> Waits for 10 units
2025-09-15 11:14:15,063 [INFO]   [T=7200.0] Vehicle 0 -> Waits for 10 units
2025-09-15 11:14:15,063 [INFO]   [T=7210.0] Vehicle 0 -> Waits for 10 units
2025-09-15 11:14:15,064 [INFO]   [T=7220.0] Vehicle 0 -> Waits for 10 units
2025-09-15 11:14:15,064 [INFO]   [T=7230.0] Vehicle 0 -> Waits for 10 units
2025-09-15 11:14:15,064 [INFO]   [T=7240.0] Vehicle 0 -> Waits for 10 units
2025-09-15 11:14:15,065 [INFO]   [T=7250.0] Vehicle 0 -> Waits for 10 units
2025-09-15 11:14:15,065 [INFO]   [T=7260.0] Vehicle 0 -> Waits for 10 units
2025-09-15 11:14:15,066 [INFO]   [T=7270.0] Vehicle 0 -> Waits for 10 units
2025-09-15 11:14:15,066 [INFO]   [T=7280.0] Vehicle 0 -> Waits for 10 units
2025-09-15 11:14:15,066 [INFO]   [T=7290.0] Vehicle 0 -> Waits for 10 units
2025-09-15 11:14:15,067 [INFO]   [T=7300.0] Vehicle 0 -> Waits for 10 units
2025-09-15 11:14:15,067 [INFO]   [T=7310.0] Vehicle 0 -> Waits for 10 units
2025-09-15 11:14:15,067 [INFO]   [T=7320.0] Vehicle 0 -> Waits for 10 units
2025-09-15 11:14:15,067 [INFO]   [T=7330.0] Vehicle 0 -> Waits for 10 units
2025-09-15 11:14:15,068 [INFO]   [T=7340.0] Vehicle 0 -> Waits for 10 units
2025-09-15 11:14:15,068 [INFO]   [T=7350.0] Vehicle 0 -> Waits for 10 units
2025-09-15 11:14:15,068 [INFO]   [T=7360.0] Vehicle 0 -> Waits for 10 units
2025-09-15 11:14:15,069 [INFO]   [T=7370.0] Vehicle 0 -> Waits for 10 units
2025-09-15 11:14:15,069 [INFO]   [T=7380.0] Vehicle 0 -> Waits for 10 units
2025-09-15 11:14:15,070 [INFO]   [T=7390.0] Vehicle 0 -> Waits for 10 units
2025-09-15 11:14:15,070 [INFO]   [T=7400.0] Vehicle 0 -> Waits for 10 units
2025-09-15 11:14:15,070 [INFO]   [T=7410.0] Vehicle 0 -> Waits for 10 units
2025-09-15 11:14:15,071 [INFO]   [T=7420.0] Vehicle 0 -> Waits for 10 units
2025-09-15 11:14:15,071 [INFO]   [T=7430.0] Vehicle 0 -> Waits for 10 units
2025-09-15 11:14:15,071 [INFO]   [T=7440.0] Vehicle 0 -> Waits for 10 units
2025-09-15 11:14:15,072 [INFO]   [T=7450.0] Vehicle 0 -> Waits for 10 units
2025-09-15 11:14:15,072 [INFO]   [T=7460.0] Vehicle 0 -> Waits for 10 units
2025-09-15 11:14:15,072 [INFO]   [T=7470.0] Vehicle 0 -> Waits for 10 units
2025-09-15 11:14:15,073 [INFO]   [T=7480.0] Vehicle 0 -> Waits for 10 units
2025-09-15 11:14:15,073 [INFO]   [T=7490.0] Vehicle 0 -> Waits for 10 units
2025-09-15 11:14:15,073 [INFO]   [T=7500.0] Vehicle 0 -> Waits for 10 units
2025-09-15 11:14:15,074 [INFO]   [T=7510.0] Vehicle 0 -> Waits for 10 units
2025-09-15 11:14:15,074 [INFO]   [T=7520.0] Vehicle 0 -> Waits for 10 units
2025-09-15 11:14:15,075 [INFO]   [T=7530.0] Vehicle 0 -> Waits for 10 units
2025-09-15 11:14:15,075 [INFO]   [T=7540.0] Vehicle 0 -> Waits for 10 units
2025-09-15 11:14:15,075 [INFO]   [T=7550.0] Vehicle 0 -> Waits for 10 units
2025-09-15 11:14:15,076 [INFO]   [T=7560.0] Vehicle 0 -> Waits for 10 units
2025-09-15 11:14:15,076 [INFO]   [T=7570.0] Vehicle 0 -> Waits for 10 units
2025-09-15 11:14:15,076 [INFO]   [T=7580.0] Vehicle 0 -> Waits for 10 units
2025-09-15 11:14:15,077 [INFO]   [T=7590.0] Vehicle 0 -> Waits for 10 units
2025-09-15 11:14:15,077 [INFO]   [T=7600.0] Vehicle 0 -> Waits for 10 units
2025-09-15 11:14:15,077 [INFO]   [T=7610.0] Vehicle 0 -> Waits for 10 units
2025-09-15 11:14:15,078 [INFO]   [T=7620.0] Vehicle 0 -> Waits for 10 units
2025-09-15 11:14:15,078 [INFO]   [T=7630.0] Vehicle 0 -> Waits for 10 units
2025-09-15 11:14:15,078 [INFO]   [T=7640.0] Vehicle 0 -> Waits for 10 units
2025-09-15 11:14:15,079 [INFO]   [T=7650.0] Vehicle 0 -> Waits for 10 units
2025-09-15 11:14:15,079 [INFO]   [T=7660.0] Vehicle 0 -> Waits for 10 units
2025-09-15 11:14:15,079 [INFO]   [T=7670.0] Vehicle 0 -> Waits for 10 units
2025-09-15 11:14:15,080 [INFO]   [T=7680.0] Vehicle 0 -> Waits for 10 units
2025-09-15 11:14:15,080 [INFO]   [T=7690.0] Vehicle 0 -> Waits for 10 units
2025-09-15 11:14:15,080 [INFO]   [T=7700.0] Vehicle 0 -> Waits for 10 units
2025-09-15 11:14:15,081 [INFO]   [T=7710.0] Vehicle 0 -> Waits for 10 units
2025-09-15 11:14:15,081 [INFO]   [T=7720.0] Vehicle 0 -> Waits for 10 units
2025-09-15 11:14:15,081 [INFO]   [T=7730.0] Vehicle 0 -> Waits for 10 units
2025-09-15 11:14:15,082 [INFO]   [T=7740.0] Vehicle 0 -> Waits for 10 units
2025-09-15 11:14:15,082 [INFO]   [T=7750.0] Vehicle 0 -> Waits for 10 units
2025-09-15 11:14:15,082 [INFO]   [T=7760.0] Vehicle 0 -> Waits for 10 units
2025-09-15 11:14:15,083 [INFO]   [T=7770.0] Vehicle 0 -> Waits for 10 units
2025-09-15 11:14:15,083 [INFO]   [T=7780.0] Vehicle 0 -> Waits for 10 units
2025-09-15 11:14:15,084 [INFO]   [T=7790.0] Vehicle 0 -> Waits for 10 units
2025-09-15 11:14:15,084 [INFO]   [T=7800.0] Vehicle 0 -> Waits for 10 units
2025-09-15 11:14:15,084 [INFO]   [T=7810.0] Vehicle 0 -> Waits for 10 units
2025-09-15 11:14:15,085 [INFO]   [T=7820.0] Vehicle 0 -> Waits for 10 units
2025-09-15 11:14:15,085 [INFO]   [T=7830.0] Vehicle 0 -> Waits for 10 units
2025-09-15 11:14:15,085 [INFO]   [T=7840.0] Vehicle 0 -> Waits for 10 units
2025-09-15 11:14:15,086 [INFO]   [T=7850.0] Vehicle 0 -> Waits for 10 units
2025-09-15 11:14:15,086 [INFO]   [T=7860.0] Vehicle 0 -> Waits for 10 units
2025-09-15 11:14:15,086 [INFO]   [T=7870.0] Vehicle 0 -> Waits for 10 units
2025-09-15 11:14:15,087 [INFO]   [T=7880.0] Vehicle 0 -> Waits for 10 units
2025-09-15 11:14:15,087 [INFO]   [T=7890.0] Vehicle 0 -> Waits for 10 units
2025-09-15 11:14:15,087 [INFO]   [T=7900.0] Vehicle 0 -> Waits for 10 units
2025-09-15 11:14:15,088 [INFO]   [T=7910.0] Vehicle 0 -> Waits for 10 units
2025-09-15 11:14:15,088 [INFO]   [T=7920.0] Vehicle 0 -> Waits for 10 units
2025-09-15 11:14:15,089 [INFO]   [T=7930.0] Vehicle 0 -> Waits for 10 units
2025-09-15 11:14:15,089 [INFO]   [T=7940.0] Vehicle 0 -> Waits for 10 units
2025-09-15 11:14:15,089 [INFO]   [T=7950.0] Vehicle 0 -> Waits for 10 units
2025-09-15 11:14:15,090 [INFO]   [T=7960.0] Vehicle 0 -> Waits for 10 units
2025-09-15 11:14:15,090 [INFO]   [T=7970.0] Vehicle 0 -> Waits for 10 units
2025-09-15 11:14:15,090 [INFO]   [T=7980.0] Vehicle 0 -> Waits for 10 units
2025-09-15 11:14:15,091 [INFO]   [T=7990.0] Vehicle 0 -> Waits for 10 units
2025-09-15 11:14:15,091 [INFO]   [T=8000.0] Vehicle 0 -> Waits for 10 units
2025-09-15 11:14:15,091 [INFO]   [T=8010.0] Vehicle 0 -> Waits for 10 units
2025-09-15 11:14:15,092 [INFO]   [T=8020.0] Vehicle 0 -> Waits for 10 units
2025-09-15 11:14:15,092 [INFO]   [T=8030.0] Vehicle 0 -> Waits for 10 units
2025-09-15 11:14:15,092 [INFO]   [T=8040.0] Vehicle 0 -> Waits for 10 units
2025-09-15 11:14:15,093 [INFO]   [T=8050.0] Vehicle 0 -> Waits for 10 units
2025-09-15 11:14:15,093 [INFO]   [T=8060.0] Vehicle 0 -> Waits for 10 units
2025-09-15 11:14:15,093 [INFO]   [T=8070.0] Vehicle 0 -> Waits for 10 units
2025-09-15 11:14:15,094 [INFO]   [T=8080.0] Vehicle 0 -> Waits for 10 units
2025-09-15 11:14:15,094 [INFO]   [T=8090.0] Vehicle 0 -> Waits for 10 units
2025-09-15 11:14:15,095 [INFO]   [T=8100.0] Vehicle 0 -> Waits for 10 units
2025-09-15 11:14:15,095 [INFO]   [T=8110.0] Vehicle 0 -> Waits for 10 units
2025-09-15 11:14:15,095 [INFO]   [T=8120.0] Vehicle 0 -> Waits for 10 units
2025-09-15 11:14:15,095 [INFO]   [T=8130.0] Vehicle 0 -> Waits for 10 units
2025-09-15 11:14:15,096 [INFO]   [T=8140.0] Vehicle 0 -> Waits for 10 units
2025-09-15 11:14:15,096 [INFO]   [T=8150.0] Vehicle 0 -> Waits for 10 units
2025-09-15 11:14:15,097 [INFO]   [T=8160.0] Vehicle 0 -> Waits for 10 units
2025-09-15 11:14:15,097 [INFO]   [T=8170.0] Vehicle 0 -> Waits for 10 units
2025-09-15 11:14:15,097 [INFO]   [T=8180.0] Vehicle 0 -> Waits for 10 units
2025-09-15 11:14:15,098 [INFO]   [T=8190.0] Vehicle 0 -> Waits for 10 units
2025-09-15 11:14:15,098 [INFO]   [T=8200.0] Vehicle 0 -> Waits for 10 units
2025-09-15 11:14:15,098 [INFO]   [T=8210.0] Vehicle 0 -> Waits for 10 units
2025-09-15 11:14:15,099 [INFO]   [T=8220.0] Vehicle 0 -> Waits for 10 units
2025-09-15 11:14:15,099 [INFO]   [T=8230.0] Vehicle 0 -> Waits for 10 units
2025-09-15 11:14:15,099 [INFO]   [T=8240.0] Vehicle 0 -> Waits for 10 units
2025-09-15 11:14:15,100 [INFO]   [T=8250.0] Vehicle 0 -> Waits for 10 units
2025-09-15 11:14:15,100 [INFO]   [T=8260.0] Vehicle 0 -> Waits for 10 units
2025-09-15 11:14:15,100 [INFO]   [T=8270.0] Vehicle 0 -> Waits for 10 units
2025-09-15 11:14:15,101 [INFO]   [T=8280.0] Vehicle 0 -> Waits for 10 units
2025-09-15 11:14:15,101 [INFO]   [T=8290.0] Vehicle 0 -> Waits for 10 units
2025-09-15 11:14:15,101 [INFO]   [T=8300.0] Vehicle 0 -> Waits for 10 units
2025-09-15 11:14:15,102 [INFO]   [T=8310.0] Vehicle 0 -> Waits for 10 units
2025-09-15 11:14:15,102 [INFO]   [T=8320.0] Vehicle 0 -> Waits for 10 units
2025-09-15 11:14:15,102 [INFO]   [T=8330.0] Vehicle 0 -> Waits for 10 units
2025-09-15 11:14:15,103 [INFO]   [T=8340.0] Vehicle 0 -> Waits for 10 units
2025-09-15 11:14:15,103 [INFO]   [T=8350.0] Vehicle 0 -> Waits for 10 units
2025-09-15 11:14:15,103 [INFO]   [T=8360.0] Vehicle 0 -> Waits for 10 units
2025-09-15 11:14:15,104 [INFO]   [T=8370.0] Vehicle 0 -> Waits for 10 units
2025-09-15 11:14:15,104 [INFO]   [T=8380.0] Vehicle 0 -> Waits for 10 units
2025-09-15 11:14:15,104 [INFO]   [T=8390.0] Vehicle 0 -> Waits for 10 units
2025-09-15 11:14:15,105 [INFO]   [T=8400.0] Vehicle 0 -> Waits for 10 units
2025-09-15 11:14:15,105 [INFO]   [T=8410.0] Vehicle 0 -> Waits for 10 units
2025-09-15 11:14:15,106 [INFO]   [T=8420.0] Vehicle 0 -> Waits for 10 units
2025-09-15 11:14:15,106 [INFO]   [T=8430.0] Vehicle 0 -> Waits for 10 units
2025-09-15 11:14:15,106 [INFO]   [T=8440.0] Vehicle 0 -> Waits for 10 units
2025-09-15 11:14:15,107 [INFO]   [T=8450.0] Vehicle 0 -> Waits for 10 units
2025-09-15 11:14:15,107 [INFO]   [T=8460.0] Vehicle 0 -> Waits for 10 units
2025-09-15 11:14:15,107 [INFO]   [T=8470.0] Vehicle 0 -> Waits for 10 units
2025-09-15 11:14:15,107 [INFO]   [T=8480.0] Vehicle 0 -> Waits for 10 units
2025-09-15 11:14:15,108 [INFO]   [T=8490.0] Vehicle 0 -> Waits for 10 units
2025-09-15 11:14:15,108 [INFO]   [T=8500.0] Vehicle 0 -> Waits for 10 units
2025-09-15 11:14:15,109 [INFO]   [T=8510.0] Vehicle 0 -> Waits for 10 units
2025-09-15 11:14:15,109 [INFO]   [T=8520.0] Vehicle 0 -> Waits for 10 units
2025-09-15 11:14:15,109 [INFO]   [T=8530.0] Vehicle 0 -> Waits for 10 units
2025-09-15 11:14:15,109 [INFO]   [T=8540.0] Vehicle 0 -> Waits for 10 units
2025-09-15 11:14:15,110 [INFO]   [T=8550.0] Vehicle 0 -> Waits for 10 units
2025-09-15 11:14:15,110 [INFO]   [T=8560.0] Vehicle 0 -> Waits for 10 units
2025-09-15 11:14:15,111 [INFO]   [T=8570.0] Vehicle 0 -> Waits for 10 units
2025-09-15 11:14:15,111 [INFO]   [T=8580.0] Vehicle 0 -> Waits for 10 units
2025-09-15 11:14:15,111 [INFO]   [T=8590.0] Vehicle 0 -> Waits for 10 units
2025-09-15 11:14:15,112 [INFO]   [T=8600.0] Vehicle 0 -> Waits for 10 units
2025-09-15 11:14:15,112 [INFO]   [T=8610.0] Vehicle 0 -> Waits for 10 units
2025-09-15 11:14:15,113 [INFO]   [T=8620.0] Vehicle 0 -> Waits for 10 units
2025-09-15 11:14:15,113 [INFO]   [T=8630.0] Vehicle 0 -> Waits for 10 units
2025-09-15 11:14:15,113 [INFO]   [T=8640.0] Vehicle 0 -> Waits for 10 units
2025-09-15 11:14:15,114 [INFO]   [T=8650.0] Vehicle 0 -> Waits for 10 units
2025-09-15 11:14:15,114 [INFO]   [T=8660.0] Vehicle 0 -> Waits for 10 units
2025-09-15 11:14:15,114 [INFO]   [T=8670.0] Vehicle 0 -> Waits for 10 units
2025-09-15 11:14:15,115 [INFO]   [T=8680.0] Vehicle 0 -> Waits for 10 units
2025-09-15 11:14:15,115 [INFO]   [T=8690.0] Vehicle 0 -> Waits for 10 units
2025-09-15 11:14:15,115 [INFO]   [T=8700.0] Vehicle 0 -> Waits for 10 units
2025-09-15 11:14:15,116 [INFO]   [T=8710.0] Vehicle 0 -> Waits for 10 units
2025-09-15 11:14:15,116 [INFO]   [T=8720.0] Vehicle 0 -> Waits for 10 units
2025-09-15 11:14:15,116 [INFO]   [T=8730.0] Vehicle 0 -> Waits for 10 units
2025-09-15 11:14:15,117 [INFO]   [T=8740.0] Vehicle 0 -> Waits for 10 units
2025-09-15 11:14:15,117 [INFO]   [T=8750.0] Vehicle 0 -> Waits for 10 units
2025-09-15 11:14:15,117 [INFO]   [T=8760.0] Vehicle 0 -> Waits for 10 units
2025-09-15 11:14:15,118 [INFO]   [T=8770.0] Vehicle 0 -> Waits for 10 units
2025-09-15 11:14:15,118 [INFO]   [T=8780.0] Vehicle 0 -> Waits for 10 units
2025-09-15 11:14:15,118 [INFO]   [T=8790.0] Vehicle 0 -> Waits for 10 units
2025-09-15 11:14:15,119 [INFO]   [T=8800.0] Vehicle 0 -> Waits for 10 units
2025-09-15 11:14:15,119 [INFO]   [T=8810.0] Vehicle 0 -> Waits for 10 units
2025-09-15 11:14:15,119 [INFO]   [T=8820.0] Vehicle 0 -> Waits for 10 units
2025-09-15 11:14:15,120 [INFO]   [T=8830.0] Vehicle 0 -> Waits for 10 units
2025-09-15 11:14:15,120 [INFO]   [T=8840.0] Vehicle 0 -> Waits for 10 units
2025-09-15 11:14:15,120 [INFO]   [T=8850.0] Vehicle 0 -> Waits for 10 units
2025-09-15 11:14:15,121 [INFO]   [T=8860.0] Vehicle 0 -> Waits for 10 units
2025-09-15 11:14:15,121 [INFO]   [T=8870.0] Vehicle 0 -> Waits for 10 units
2025-09-15 11:14:15,121 [INFO]   [T=8880.0] Vehicle 0 -> Waits for 10 units
2025-09-15 11:14:15,122 [INFO]   [T=8890.0] Vehicle 0 -> Waits for 10 units
2025-09-15 11:14:15,122 [INFO]   [T=8900.0] Vehicle 0 -> Waits for 10 units
2025-09-15 11:14:15,122 [INFO]   [T=8910.0] Vehicle 0 -> Waits for 10 units
2025-09-15 11:14:15,123 [INFO]   [T=8920.0] Vehicle 0 -> Waits for 10 units
2025-09-15 11:14:15,123 [INFO]   [T=8930.0] Vehicle 0 -> Waits for 10 units
2025-09-15 11:14:15,124 [INFO]   [T=8940.0] Vehicle 0 -> Waits for 10 units
2025-09-15 11:14:15,124 [INFO]   [T=8950.0] Vehicle 0 -> Waits for 10 units
2025-09-15 11:14:15,124 [INFO]   [T=8960.0] Vehicle 0 -> Waits for 10 units
2025-09-15 11:14:15,125 [INFO]   [T=8970.0] Vehicle 0 -> Waits for 10 units
2025-09-15 11:14:15,125 [INFO]   [T=8980.0] Vehicle 0 -> Waits for 10 units
2025-09-15 11:14:15,125 [INFO]   [T=8990.0] Vehicle 0 -> Waits for 10 units
2025-09-15 11:14:15,126 [INFO]   [T=9000.0] Vehicle 0 -> Waits for 10 units
2025-09-15 11:14:15,126 [INFO]   [T=9010.0] Vehicle 0 -> Waits for 10 units
2025-09-15 11:14:15,126 [INFO]   [T=9020.0] Vehicle 0 -> Waits for 10 units
2025-09-15 11:14:15,127 [INFO]   [T=9030.0] Vehicle 0 -> Waits for 10 units
2025-09-15 11:14:15,127 [INFO]   [T=9040.0] Vehicle 0 -> Waits for 10 units
2025-09-15 11:14:15,127 [INFO]   [T=9050.0] Vehicle 0 -> Waits for 10 units
2025-09-15 11:14:15,128 [INFO]   [T=9060.0] Vehicle 0 -> Waits for 10 units
2025-09-15 11:14:15,128 [INFO]   [T=9070.0] Vehicle 0 -> Waits for 10 units
2025-09-15 11:14:15,129 [INFO]   [T=9080.0] Vehicle 0 -> Waits for 10 units
2025-09-15 11:14:15,129 [INFO]   [T=9090.0] Vehicle 0 -> Waits for 10 units
2025-09-15 11:14:15,129 [INFO]   [T=9100.0] Vehicle 0 -> Waits for 10 units
2025-09-15 11:14:15,130 [INFO]   [T=9110.0] Vehicle 0 -> Waits for 10 units
2025-09-15 11:14:15,130 [INFO]   [T=9120.0] Vehicle 0 -> Waits for 10 units
2025-09-15 11:14:15,130 [INFO]   [T=9130.0] Vehicle 0 -> Waits for 10 units
2025-09-15 11:14:15,130 [INFO]   [T=9140.0] Vehicle 0 -> Waits for 10 units
2025-09-15 11:14:15,131 [INFO]   [T=9150.0] Vehicle 0 -> Waits for 10 units
2025-09-15 11:14:15,131 [INFO]   [T=9160.0] Vehicle 0 -> Waits for 10 units
2025-09-15 11:14:15,132 [INFO]   [T=9170.0] Vehicle 0 -> Waits for 10 units
2025-09-15 11:14:15,132 [INFO]   [T=9180.0] Vehicle 0 -> Waits for 10 units
2025-09-15 11:14:15,132 [INFO]   [T=9190.0] Vehicle 0 -> Waits for 10 units
2025-09-15 11:14:15,133 [INFO]   [T=9200.0] Vehicle 0 -> Waits for 10 units
2025-09-15 11:14:15,133 [INFO]   [T=9210.0] Vehicle 0 -> Waits for 10 units
2025-09-15 11:14:15,133 [INFO]   [T=9220.0] Vehicle 0 -> Waits for 10 units
2025-09-15 11:14:15,134 [INFO]   [T=9230.0] Vehicle 0 -> Waits for 10 units
2025-09-15 11:14:15,134 [INFO]   [T=9240.0] Vehicle 0 -> Waits for 10 units
2025-09-15 11:14:15,134 [INFO]   [T=9250.0] Vehicle 0 -> Waits for 10 units
2025-09-15 11:14:15,135 [INFO]   [T=9260.0] Vehicle 0 -> Waits for 10 units
2025-09-15 11:14:15,135 [INFO]   [T=9270.0] Vehicle 0 -> Waits for 10 units
2025-09-15 11:14:15,135 [INFO]   [T=9280.0] Vehicle 0 -> Waits for 10 units
2025-09-15 11:14:15,136 [INFO]   [T=9290.0] Vehicle 0 -> Waits for 10 units
2025-09-15 11:14:15,136 [INFO]   [T=9300.0] Vehicle 0 -> Waits for 10 units
2025-09-15 11:14:15,136 [INFO]   [T=9310.0] Vehicle 0 -> Waits for 10 units
2025-09-15 11:14:15,137 [INFO]   [T=9320.0] Vehicle 0 -> Waits for 10 units
2025-09-15 11:14:15,137 [INFO]   [T=9330.0] Vehicle 0 -> Waits for 10 units
2025-09-15 11:14:15,138 [INFO]   [T=9340.0] Vehicle 0 -> Waits for 10 units
2025-09-15 11:14:15,138 [INFO]   [T=9350.0] Vehicle 0 -> Waits for 10 units
2025-09-15 11:14:15,138 [INFO]   [T=9360.0] Vehicle 0 -> Waits for 10 units
2025-09-15 11:14:15,139 [INFO]   [T=9370.0] Vehicle 0 -> Waits for 10 units
2025-09-15 11:14:15,139 [INFO]   [T=9380.0] Vehicle 0 -> Waits for 10 units
2025-09-15 11:14:15,139 [INFO]   [T=9390.0] Vehicle 0 -> Waits for 10 units
2025-09-15 11:14:15,140 [INFO]   [T=9400.0] Vehicle 0 -> Waits for 10 units
2025-09-15 11:14:15,140 [INFO]   [T=9410.0] Vehicle 0 -> Waits for 10 units
2025-09-15 11:14:15,141 [INFO]   [T=9420.0] Vehicle 0 -> Waits for 10 units
2025-09-15 11:14:15,141 [INFO]   [T=9430.0] Vehicle 0 -> Waits for 10 units
2025-09-15 11:14:15,141 [INFO]   [T=9440.0] Vehicle 0 -> Waits for 10 units
2025-09-15 11:14:15,142 [INFO]   [T=9450.0] Vehicle 0 -> Waits for 10 units
2025-09-15 11:14:15,142 [INFO]   [T=9460.0] Vehicle 0 -> Waits for 10 units
2025-09-15 11:14:15,142 [INFO]   [T=9470.0] Vehicle 0 -> Waits for 10 units
2025-09-15 11:14:15,143 [INFO]   [T=9480.0] Vehicle 0 -> Waits for 10 units
2025-09-15 11:14:15,143 [INFO]   [T=9490.0] Vehicle 0 -> Waits for 10 units
2025-09-15 11:14:15,143 [INFO]   [T=9500.0] Vehicle 0 -> Waits for 10 units
2025-09-15 11:14:15,143 [INFO]   [T=9510.0] Vehicle 0 -> Waits for 10 units
2025-09-15 11:14:15,144 [INFO]   [T=9520.0] Vehicle 0 -> Waits for 10 units
2025-09-15 11:14:15,144 [INFO]   [T=9530.0] Vehicle 0 -> Waits for 10 units
2025-09-15 11:14:15,144 [INFO]   [T=9540.0] Vehicle 0 -> Waits for 10 units
2025-09-15 11:14:15,145 [INFO]   [T=9550.0] Vehicle 0 -> Waits for 10 units
2025-09-15 11:14:15,145 [INFO]   [T=9560.0] Vehicle 0 -> Waits for 10 units
2025-09-15 11:14:15,146 [INFO]   [T=9570.0] Vehicle 0 -> Waits for 10 units
2025-09-15 11:14:15,146 [INFO]   [T=9580.0] Vehicle 0 -> Waits for 10 units
2025-09-15 11:14:15,146 [INFO]   [T=9590.0] Vehicle 0 -> Waits for 10 units
2025-09-15 11:14:15,147 [INFO]   [T=9600.0] Vehicle 0 -> Waits for 10 units
2025-09-15 11:14:15,147 [INFO]   [T=9610.0] Vehicle 0 -> Waits for 10 units
2025-09-15 11:14:15,147 [INFO]   [T=9620.0] Vehicle 0 -> Waits for 10 units
2025-09-15 11:14:15,148 [INFO]   [T=9630.0] Vehicle 0 -> Waits for 10 units
2025-09-15 11:14:15,148 [INFO]   [T=9640.0] Vehicle 0 -> Waits for 10 units
2025-09-15 11:14:15,148 [INFO]   [T=9650.0] Vehicle 0 -> Waits for 10 units
2025-09-15 11:14:15,149 [INFO]   [T=9660.0] Vehicle 0 -> Waits for 10 units
2025-09-15 11:14:15,149 [INFO]   [T=9670.0] Vehicle 0 -> Waits for 10 units
2025-09-15 11:14:15,149 [INFO]   [T=9680.0] Vehicle 0 -> Waits for 10 units
2025-09-15 11:14:15,150 [INFO]   [T=9690.0] Vehicle 0 -> Waits for 10 units
2025-09-15 11:14:15,150 [INFO]   [T=9700.0] Vehicle 0 -> Waits for 10 units
2025-09-15 11:14:15,150 [INFO]   [T=9710.0] Vehicle 0 -> Waits for 10 units
2025-09-15 11:14:15,151 [INFO]   [T=9720.0] Vehicle 0 -> Waits for 10 units
2025-09-15 11:14:15,151 [INFO]   [T=9730.0] Vehicle 0 -> Waits for 10 units
2025-09-15 11:14:15,151 [INFO]   [T=9740.0] Vehicle 0 -> Waits for 10 units
2025-09-15 11:14:15,152 [INFO]   [T=9750.0] Vehicle 0 -> Waits for 10 units
2025-09-15 11:14:15,152 [INFO]   [T=9760.0] Vehicle 0 -> Waits for 10 units
2025-09-15 11:14:15,152 [INFO]   [T=9770.0] Vehicle 0 -> Waits for 10 units
2025-09-15 11:14:15,153 [INFO]   [T=9780.0] Vehicle 0 -> Waits for 10 units
2025-09-15 11:14:15,153 [INFO]   [T=9790.0] Vehicle 0 -> Waits for 10 units
2025-09-15 11:14:15,153 [INFO]   [T=9800.0] Vehicle 0 -> Waits for 10 units
2025-09-15 11:14:15,154 [INFO]   [T=9810.0] Vehicle 0 -> Waits for 10 units
2025-09-15 11:14:15,154 [INFO]   [T=9820.0] Vehicle 0 -> Waits for 10 units
2025-09-15 11:14:15,154 [INFO]   [T=9830.0] Vehicle 0 -> Waits for 10 units
2025-09-15 11:14:15,155 [INFO]   [T=9840.0] Vehicle 0 -> Waits for 10 units
2025-09-15 11:14:15,155 [INFO]   [T=9850.0] Vehicle 0 -> Waits for 10 units
2025-09-15 11:14:15,156 [INFO]   [T=9860.0] Vehicle 0 -> Waits for 10 units
2025-09-15 11:14:15,156 [INFO]   [T=9870.0] Vehicle 0 -> Waits for 10 units
2025-09-15 11:14:15,156 [INFO]   [T=9880.0] Vehicle 0 -> Waits for 10 units
2025-09-15 11:14:15,157 [INFO]   [T=9890.0] Vehicle 0 -> Waits for 10 units
2025-09-15 11:14:15,157 [INFO]   [T=9900.0] Vehicle 0 -> Waits for 10 units
2025-09-15 11:14:15,157 [INFO]   [T=9910.0] Vehicle 0 -> Waits for 10 units
2025-09-15 11:14:15,158 [INFO]   [T=9920.0] Vehicle 0 -> Waits for 10 units
2025-09-15 11:14:15,158 [INFO]   [T=9930.0] Vehicle 0 -> Waits for 10 units
2025-09-15 11:14:15,158 [INFO]   [T=9940.0] Vehicle 0 -> Waits for 10 units
2025-09-15 11:14:15,159 [INFO]   [T=9950.0] Vehicle 0 -> Waits for 10 units
2025-09-15 11:14:15,159 [INFO]   [T=9960.0] Vehicle 0 -> Waits for 10 units
2025-09-15 11:14:15,159 [INFO]   [T=9970.0] Vehicle 0 -> Waits for 10 units
2025-09-15 11:14:15,160 [INFO]   [T=9980.0] Vehicle 0 -> Waits for 10 units
2025-09-15 11:14:15,160 [INFO] -------------------------

2025-09-15 11:14:15,167 [INFO] -------------------------
2025-09-15 11:14:15,167 [INFO]   Vehicle 0: mumbai
2025-09-15 11:14:15,168 [INFO] -------------------------

2025-09-15 11:14:15,175 [INFO] -------------------------
2025-09-15 11:14:15,175 [INFO]   The following package IDs were not delivered: [0, 1]
2025-09-15 11:14:15,176 [INFO] -------------------------

2025-09-15 11:14:15,195 [INFO] 127.0.0.1 - - [15/Sep/2025 11:14:15] "POST /solve HTTP/1.1" 200 -
