2025-09-15 12:10:56,430 [INFO] [31m[1mWARNING: This is a development server. Do not use it in a production deployment. Use a production WSGI server instead.[0m
 * Running on http://127.0.0.1:6000
2025-09-15 12:10:56,431 [INFO] [33mPress CTRL+C to quit[0m
2025-09-15 12:13:40,393 [INFO] data: {'locations': ['kochi', 'aluva', 'kothamangalam'], 'routes': [{'start': 'kochi', 'end': 'aluva', 'distance': 25.93}, {'start': 'kochi', 'end': 'kothamangalam', 'distance': 77.56}, {'start': 'aluva', 'end': 'kochi', 'distance': 25.95}, {'start': 'aluva', 'end': 'kothamangalam', 'distance': 51.0}, {'start': 'kothamangalam', 'end': 'kochi', 'distance': 77.64}, {'start': 'kothamangalam', 'end': 'aluva', 'distance': 50.98}], 'packages': [{'id': 0, 'pickup': 'kochi', 'delivery': 'aluva', 'weight': 2, 'priority': 0}, {'id': 1, 'pickup': 'kochi', 'delivery': 'kothamangalam', 'weight': 1, 'priority': 0}], 'vehicles': [{'id': 1, 'capacity': 1000, 'location': 'Kottayam', 'speed': 1.0, 'cost_per_km': 1.0}]}
2025-09-15 12:13:40,394 [INFO] Loading model from 'logistics_model_v3.weights.h5'...
2025-09-15 12:13:40,713 [INFO] Running optimization...
2025-09-15 12:13:40,737 [INFO] 
=========================
2025-09-15 12:13:40,737 [INFO]   OPTIMIZATION COMPLETE
2025-09-15 12:13:40,737 [INFO] =========================

2025-09-15 12:13:40,750 [INFO] -------------------------
2025-09-15 12:13:40,753 [INFO]   Delivery Rate:  100.0% (2/2)
2025-09-15 12:13:40,753 [INFO]   Total Time:     51.86 units
2025-09-15 12:13:40,753 [INFO]   Total Distance: 102.84 km
2025-09-15 12:13:40,754 [INFO]   Total Cost:     $102.84
2025-09-15 12:13:40,754 [INFO]   Vehicles Used:  1
2025-09-15 12:13:40,754 [INFO] -------------------------

2025-09-15 12:13:40,757 [INFO] -------------------------
2025-09-15 12:13:40,757 [INFO]   [T=0.0   ] Vehicle 1 -> Moves to kochi
2025-09-15 12:13:40,760 [INFO]   [T=0.0   ] Vehicle 1 -> Moves to aluva
2025-09-15 12:13:40,763 [INFO]   [T=25.9  ] Vehicle 1 -> Moves to kothamangalam
2025-09-15 12:13:40,766 [INFO] -------------------------

2025-09-15 12:13:40,769 [INFO] -------------------------
2025-09-15 12:13:40,769 [INFO]   Vehicle 1: Kottayam -> kochi -> aluva -> kothamangalam
2025-09-15 12:13:40,769 [INFO] -------------------------

2025-09-15 12:13:40,770 [INFO] 127.0.0.1 - - [15/Sep/2025 12:13:40] "POST /solve HTTP/1.1" 200 -
